<?xml version="1.0" encoding="UTF-8" ?>
<testsuite tests="3" failures="1" name="org.db.UserLoginTokenDBManagerTest" time="0.556" errors="0" skipped="0">
  <properties>
[...]
</properties>
  <testcase classname="org.db.UserLoginTokenDBManagerTest" name="test1" time="0.141"/>
  <testcase classname="org.db.UserLoginTokenDBManagerTest" name="test2" time="0.243">
    <failure type="java.lang.AssertionError">java.lang.AssertionError
	at org.junit.Assert.fail(Assert.java:86)
	at org.junit.Assert.assertTrue(Assert.java:41)
	at org.junit.Assert.assertTrue(Assert.java:52)
	at org.db.UserLoginTokenDBManagerTest.test2(UserLoginTokenDBManagerTest.java:39)
	at sun.reflect.NativeMethodAccessorImpl.invoke0(Native Method)
	at sun.reflect.NativeMethodAccessorImpl.invoke(NativeMethodAccessorImpl.java:62)
	at sun.reflect.DelegatingMethodAccessorImpl.invoke(DelegatingMethodAccessorImpl.java:43)
	at java.lang.reflect.Method.invoke(Method.java:498)
	at org.junit.runners.model.FrameworkMethod$1.runReflectiveCall(FrameworkMethod.java:50)
	at org.junit.internal.runners.model.ReflectiveCallable.run(ReflectiveCallable.java:12)
	at org.junit.runners.model.FrameworkMethod.invokeExplosively(FrameworkMethod.java:47)
	at org.junit.internal.runners.statements.InvokeMethod.evaluate(InvokeMethod.java:17)
	at org.junit.internal.runners.statements.RunAfters.evaluate(RunAfters.java:27)
	at org.junit.runners.ParentRunner.runLeaf(ParentRunner.java:325)
	at org.junit.runners.BlockJUnit4ClassRunner.runChild(BlockJUnit4ClassRunner.java:78)
	at org.junit.runners.BlockJUnit4ClassRunner.runChild(BlockJUnit4ClassRunner.java:57)
	at org.junit.runners.ParentRunner$3.run(ParentRunner.java:290)
	at org.junit.runners.ParentRunner$1.schedule(ParentRunner.java:71)
	at org.junit.runners.ParentRunner.runChildren(ParentRunner.java:288)
	at org.junit.runners.ParentRunner.access$000(ParentRunner.java:58)
	at org.junit.runners.ParentRunner$2.evaluate(ParentRunner.java:268)
	at org.junit.runners.ParentRunner.run(ParentRunner.java:363)
	at org.apache.maven.surefire.junit4.JUnit4Provider.execute(JUnit4Provider.java:252)
	at org.apache.maven.surefire.junit4.JUnit4Provider.executeTestSet(JUnit4Provider.java:141)
	at org.apache.maven.surefire.junit4.JUnit4Provider.invoke(JUnit4Provider.java:112)
	at sun.reflect.NativeMethodAccessorImpl.invoke0(Native Method)
	at sun.reflect.NativeMethodAccessorImpl.invoke(NativeMethodAccessorImpl.java:62)
	at sun.reflect.DelegatingMethodAccessorImpl.invoke(DelegatingMethodAccessorImpl.java:43)
	at java.lang.reflect.Method.invoke(Method.java:498)
	at org.apache.maven.surefire.util.ReflectionUtils.invokeMethodWithArray(ReflectionUtils.java:189)
	at org.apache.maven.surefire.booter.ProviderFactory$ProviderProxy.invoke(ProviderFactory.java:165)
	at org.apache.maven.surefire.booter.ProviderFactory.invokeProvider(ProviderFactory.java:85)
	at org.apache.maven.surefire.booter.ForkedBooter.runSuitesInProcess(ForkedBooter.java:115)
	at org.apache.maven.surefire.booter.ForkedBooter.main(ForkedBooter.java:75)
</failure>
    <system-out>#########
PROVA TOKEN ATTIVO
#########
2018-02-22 10:54:08 INFO  UserLoginTokenDBManager:51 - Connection opened successfully...
2018-02-22 10:54:08 INFO  UserLoginTokenDBManager:57 - Connection closed successfully...
generatedToken provatest1@prova.com
2018-02-22 10:54:08 INFO  UserLoginTokenDBManager:51 - Connection opened successfully...
res.getRow(); + 1
user_tokens: org.bean.UserLoginToken@3670f00
2018-02-22 10:54:08 INFO  UserLoginTokenDBManager:57 - Connection closed successfully...
2018-02-22 10:54:08 INFO  UserLoginTokenDBManager:51 - Connection opened successfully...
2018-02-22 10:54:08 INFO  UserLoginTokenDBManager:57 - Connection closed successfully...
Deleted rows: 1
Database cleaned.... righe cancellate: 1
</system-out>
  </testcase>
  <testcase classname="org.db.UserLoginTokenDBManagerTest" name="test3" time="0.172"/>
</testsuite>