<?xml version="1.0" encoding="UTF-8" ?>
<testsuite tests="5" failures="1" name="org.db.UserDBManagerTest" time="2.481" errors="0" skipped="0">
  <properties>
[...]
</properties>
  <testcase classname="org.db.UserDBManagerTest" name="test3_isEmailOnDB_true" time="2.028"/>
  <testcase classname="org.db.UserDBManagerTest" name="test1" time="0.15"/>
  <testcase classname="org.db.UserDBManagerTest" name="test2" time="0.079"/>
  <testcase classname="org.db.UserDBManagerTest" name="test4_updatePasswordByEmail" time="0.13">
    <failure type="java.lang.AssertionError">java.lang.AssertionError
	at org.junit.Assert.fail(Assert.java:86)
	at org.junit.Assert.assertTrue(Assert.java:41)
	at org.junit.Assert.assertTrue(Assert.java:52)
	at org.db.UserDBManagerTest.test4_updatePasswordByEmail(UserDBManagerTest.java:82)
	at sun.reflect.NativeMethodAccessorImpl.invoke0(Native Method)
	at sun.reflect.NativeMethodAccessorImpl.invoke(NativeMethodAccessorImpl.java:62)
	at sun.reflect.DelegatingMethodAccessorImpl.invoke(DelegatingMethodAccessorImpl.java:43)
	at java.lang.reflect.Method.invoke(Method.java:498)
	at org.junit.runners.model.FrameworkMethod$1.runReflectiveCall(FrameworkMethod.java:50)
	at org.junit.internal.runners.model.ReflectiveCallable.run(ReflectiveCallable.java:12)
	at org.junit.runners.model.FrameworkMethod.invokeExplosively(FrameworkMethod.java:47)
	at org.junit.internal.runners.statements.InvokeMethod.evaluate(InvokeMethod.java:17)
	at org.junit.internal.runners.statements.RunBefores.evaluate(RunBefores.java:26)
	at org.junit.internal.runners.statements.RunAfters.evaluate(RunAfters.java:27)
	at org.junit.runners.ParentRunner.runLeaf(ParentRunner.java:325)
	at org.junit.runners.BlockJUnit4ClassRunner.runChild(BlockJUnit4ClassRunner.java:78)
	at org.junit.runners.BlockJUnit4ClassRunner.runChild(BlockJUnit4ClassRunner.java:57)
	at org.junit.runners.ParentRunner$3.run(ParentRunner.java:290)
	at org.junit.runners.ParentRunner$1.schedule(ParentRunner.java:71)
	at org.junit.runners.ParentRunner.runChildren(ParentRunner.java:288)
	at org.junit.runners.ParentRunner.access$000(ParentRunner.java:58)
	at org.junit.runners.ParentRunner$2.evaluate(ParentRunner.java:268)
	at org.junit.runners.ParentRunner.run(ParentRunner.java:363)
	at org.apache.maven.surefire.junit4.JUnit4Provider.execute(JUnit4Provider.java:252)
	at org.apache.maven.surefire.junit4.JUnit4Provider.executeTestSet(JUnit4Provider.java:141)
	at org.apache.maven.surefire.junit4.JUnit4Provider.invoke(JUnit4Provider.java:112)
	at sun.reflect.NativeMethodAccessorImpl.invoke0(Native Method)
	at sun.reflect.NativeMethodAccessorImpl.invoke(NativeMethodAccessorImpl.java:62)
	at sun.reflect.DelegatingMethodAccessorImpl.invoke(DelegatingMethodAccessorImpl.java:43)
	at java.lang.reflect.Method.invoke(Method.java:498)
	at org.apache.maven.surefire.util.ReflectionUtils.invokeMethodWithArray(ReflectionUtils.java:189)
	at org.apache.maven.surefire.booter.ProviderFactory$ProviderProxy.invoke(ProviderFactory.java:165)
	at org.apache.maven.surefire.booter.ProviderFactory.invokeProvider(ProviderFactory.java:85)
	at org.apache.maven.surefire.booter.ForkedBooter.runSuitesInProcess(ForkedBooter.java:115)
	at org.apache.maven.surefire.booter.ForkedBooter.main(ForkedBooter.java:75)
</failure>
    <system-out>2018-02-20 12:39:17 DEBUG TransactionImpl:55 - begin
2018-02-20 12:39:17 DEBUG AbstractSaveEventListener:118 - Generated identifier: 0, using strategy: org.hibernate.id.Assigned
2018-02-20 12:39:17 DEBUG TransactionImpl:66 - committing
2018-02-20 12:39:17 DEBUG AbstractFlushingEventListener:132 - Processing flush-time cascades
2018-02-20 12:39:17 DEBUG AbstractFlushingEventListener:174 - Dirty checking collections
2018-02-20 12:39:17 DEBUG AbstractFlushingEventListener:106 - Flushed: 1 insertions, 0 updates, 0 deletions to 1 objects
2018-02-20 12:39:17 DEBUG AbstractFlushingEventListener:113 - Flushed: 0 (re)creations, 0 updates, 0 removals to 0 collections
2018-02-20 12:39:17 DEBUG EntityPrinter:102 - Listing entities:
2018-02-20 12:39:17 DEBUG EntityPrinter:109 - org.entities.User{firstname=daniele, password=password1234, role=10, regdate=Tue Feb 20 12:39:17 CET 2018, id=0, borndate=Tue Feb 20 12:39:17 CET 2018, email=prova1@prova.it, lastname=sprizzi}
2018-02-20 12:39:17 DEBUG SQL:92 - insert into users (borndate, email, firstname, lastname, password, regdate, role, id) values (?, ?, ?, ?, ?, ?, ?, ?)
2018-02-20 12:39:18 DEBUG LogicalConnectionManagedImpl:161 - Initiating JDBC connection release from afterTransaction
2018-02-20 12:39:18 DEBUG LogicalConnectionManagedImpl:161 - Initiating JDBC connection release from afterTransaction
2018-02-20 12:39:18 DEBUG JdbcCoordinatorImpl:183 - HHH000420: Closing un-released batch
@Before --&gt; inserted user: org.entities.User@1e5f4170
#########
TEST UPDATE EMAIL
#########
email: prova1@prova.it
2018-02-20 12:39:18 INFO  UserDBManager:38 - Connection opened successfully...
res.getRow(); + 1
2018-02-20 12:39:18 INFO  UserDBManager:44 - Connection closed successfully...
user: org.bean.User@f9879ac
@Test --&gt; password before: password1234
2018-02-20 12:39:18 DEBUG TransactionImpl:55 - begin
2018-02-20 12:39:18 DEBUG QueryTranslatorImpl:282 - parse() - HQL: update org.entities.Users set password = :newPassword where email = :emailVal
2018-02-20 12:39:18 DEBUG ErrorCounter:95 - throwQueryException() : no errors
2018-02-20 12:39:18 DEBUG QueryTranslatorImpl:305 - --- HQL AST ---
 \-[UPDATE] Node: &apos;update&apos;
    +-[FROM] Node: &apos;FROM&apos;
    |  \-[RANGE] Node: &apos;RANGE&apos;
    |     \-[DOT] Node: &apos;.&apos;
    |        +-[DOT] Node: &apos;.&apos;
    |        |  +-[IDENT] Node: &apos;org&apos;
    |        |  \-[IDENT] Node: &apos;entities&apos;
    |        \-[IDENT] Node: &apos;Users&apos;
    +-[SET] Node: &apos;set&apos;
    |  \-[EQ] Node: &apos;=&apos;
    |     +-[IDENT] Node: &apos;password&apos;
    |     \-[COLON] Node: &apos;:&apos;
    |        \-[IDENT] Node: &apos;newPassword&apos;
    \-[WHERE] Node: &apos;where&apos;
       \-[EQ] Node: &apos;=&apos;
          +-[IDENT] Node: &apos;email&apos;
          \-[COLON] Node: &apos;:&apos;
             \-[IDENT] Node: &apos;emailVal&apos;

2018-02-20 12:39:18 DEBUG HqlSqlBaseWalker:124 - update &lt;&lt; begin [level=1, statement=update]
@Test --&gt; update email: 0
email: prova1@prova.it
2018-02-20 12:39:18 INFO  UserDBManager:38 - Connection opened successfully...
res.getRow(); + 1
2018-02-20 12:39:18 INFO  UserDBManager:44 - Connection closed successfully...
user: org.bean.User@3a4e343
@Test --&gt; password after: password1234
2018-02-20 12:39:18 INFO  UserDBManager:38 - Connection opened successfully...
2018-02-20 12:39:18 INFO  UserDBManager:44 - Connection closed successfully...
Deleted rows: 1
Database cleaned.... deleted rows number: 1
</system-out>
    <system-err>java.lang.IllegalArgumentException: org.hibernate.hql.internal.ast.QuerySyntaxException: org.entities.Users is not mapped [update org.entities.Users set password = :newPassword where email = :emailVal]
	at org.hibernate.internal.ExceptionConverterImpl.convert(ExceptionConverterImpl.java:133)
	at org.hibernate.internal.ExceptionConverterImpl.convert(ExceptionConverterImpl.java:157)
	at org.hibernate.internal.ExceptionConverterImpl.convert(ExceptionConverterImpl.java:164)
	at org.hibernate.internal.AbstractSharedSessionContract.createQuery(AbstractSharedSessionContract.java:670)
	at org.hibernate.internal.AbstractSharedSessionContract.createQuery(AbstractSharedSessionContract.java:103)
	at org.db.UserDBManager.updatePasswordByEmail(UserDBManager.java:279)
	at org.db.UserDBManagerTest.test4_updatePasswordByEmail(UserDBManagerTest.java:73)
	at sun.reflect.NativeMethodAccessorImpl.invoke0(Native Method)
	at sun.reflect.NativeMethodAccessorImpl.invoke(NativeMethodAccessorImpl.java:62)
	at sun.reflect.DelegatingMethodAccessorImpl.invoke(DelegatingMethodAccessorImpl.java:43)
	at java.lang.reflect.Method.invoke(Method.java:498)
	at org.junit.runners.model.FrameworkMethod$1.runReflectiveCall(FrameworkMethod.java:50)
	at org.junit.internal.runners.model.ReflectiveCallable.run(ReflectiveCallable.java:12)
	at org.junit.runners.model.FrameworkMethod.invokeExplosively(FrameworkMethod.java:47)
	at org.junit.internal.runners.statements.InvokeMethod.evaluate(InvokeMethod.java:17)
	at org.junit.internal.runners.statements.RunBefores.evaluate(RunBefores.java:26)
	at org.junit.internal.runners.statements.RunAfters.evaluate(RunAfters.java:27)
	at org.junit.runners.ParentRunner.runLeaf(ParentRunner.java:325)
	at org.junit.runners.BlockJUnit4ClassRunner.runChild(BlockJUnit4ClassRunner.java:78)
	at org.junit.runners.BlockJUnit4ClassRunner.runChild(BlockJUnit4ClassRunner.java:57)
	at org.junit.runners.ParentRunner$3.run(ParentRunner.java:290)
	at org.junit.runners.ParentRunner$1.schedule(ParentRunner.java:71)
	at org.junit.runners.ParentRunner.runChildren(ParentRunner.java:288)
	at org.junit.runners.ParentRunner.access$000(ParentRunner.java:58)
	at org.junit.runners.ParentRunner$2.evaluate(ParentRunner.java:268)
	at org.junit.runners.ParentRunner.run(ParentRunner.java:363)
	at org.apache.maven.surefire.junit4.JUnit4Provider.execute(JUnit4Provider.java:252)
	at org.apache.maven.surefire.junit4.JUnit4Provider.executeTestSet(JUnit4Provider.java:141)
	at org.apache.maven.surefire.junit4.JUnit4Provider.invoke(JUnit4Provider.java:112)
	at sun.reflect.NativeMethodAccessorImpl.invoke0(Native Method)
	at sun.reflect.NativeMethodAccessorImpl.invoke(NativeMethodAccessorImpl.java:62)
	at sun.reflect.DelegatingMethodAccessorImpl.invoke(DelegatingMethodAccessorImpl.java:43)
	at java.lang.reflect.Method.invoke(Method.java:498)
	at org.apache.maven.surefire.util.ReflectionUtils.invokeMethodWithArray(ReflectionUtils.java:189)
	at org.apache.maven.surefire.booter.ProviderFactory$ProviderProxy.invoke(ProviderFactory.java:165)
	at org.apache.maven.surefire.booter.ProviderFactory.invokeProvider(ProviderFactory.java:85)
	at org.apache.maven.surefire.booter.ForkedBooter.runSuitesInProcess(ForkedBooter.java:115)
	at org.apache.maven.surefire.booter.ForkedBooter.main(ForkedBooter.java:75)
Caused by: org.hibernate.hql.internal.ast.QuerySyntaxException: org.entities.Users is not mapped [update org.entities.Users set password = :newPassword where email = :emailVal]
	at org.hibernate.hql.internal.ast.QuerySyntaxException.generateQueryException(QuerySyntaxException.java:79)
	at org.hibernate.QueryException.wrapWithQueryString(QueryException.java:103)
	at org.hibernate.hql.internal.ast.QueryTranslatorImpl.doCompile(QueryTranslatorImpl.java:217)
	at org.hibernate.hql.internal.ast.QueryTranslatorImpl.compile(QueryTranslatorImpl.java:141)
	at org.hibernate.engine.query.spi.HQLQueryPlan.&lt;init&gt;(HQLQueryPlan.java:115)
	at org.hibernate.engine.query.spi.HQLQueryPlan.&lt;init&gt;(HQLQueryPlan.java:77)
	at org.hibernate.engine.query.spi.QueryPlanCache.getHQLQueryPlan(QueryPlanCache.java:153)
	at org.hibernate.internal.AbstractSharedSessionContract.getQueryPlan(AbstractSharedSessionContract.java:553)
	at org.hibernate.internal.AbstractSharedSessionContract.createQuery(AbstractSharedSessionContract.java:662)
	... 34 more
Caused by: org.hibernate.hql.internal.ast.QuerySyntaxException: org.entities.Users is not mapped
	at org.hibernate.hql.internal.ast.util.SessionFactoryHelper.requireClassPersister(SessionFactoryHelper.java:171)
	at org.hibernate.hql.internal.ast.tree.FromElementFactory.addFromElement(FromElementFactory.java:91)
	at org.hibernate.hql.internal.ast.tree.FromClause.addFromElement(FromClause.java:79)
	at org.hibernate.hql.internal.ast.HqlSqlWalker.createFromElement(HqlSqlWalker.java:326)
	at org.hibernate.hql.internal.antlr.HqlSqlBaseWalker.fromElement(HqlSqlBaseWalker.java:3706)
	at org.hibernate.hql.internal.antlr.HqlSqlBaseWalker.fromElementList(HqlSqlBaseWalker.java:3595)
	at org.hibernate.hql.internal.antlr.HqlSqlBaseWalker.fromClause(HqlSqlBaseWalker.java:720)
	at org.hibernate.hql.internal.antlr.HqlSqlBaseWalker.updateStatement(HqlSqlBaseWalker.java:377)
	at org.hibernate.hql.internal.antlr.HqlSqlBaseWalker.statement(HqlSqlBaseWalker.java:269)
	at org.hibernate.hql.internal.ast.QueryTranslatorImpl.analyze(QueryTranslatorImpl.java:266)
	at org.hibernate.hql.internal.ast.QueryTranslatorImpl.doCompile(QueryTranslatorImpl.java:189)
	... 40 more
</system-err>
  </testcase>
  <testcase classname="org.db.UserDBManagerTest" name="test3_isEmailOnDB_false" time="0.094"/>
</testsuite>