<?xml version="1.0" encoding="UTF-8" ?>
<testsuite tests="1" failures="1" name="org.db.UserDBManagerBOSelectAllTest" time="2.315" errors="0" skipped="0">
  <properties>
[...]
</properties>
  <testcase classname="org.db.UserDBManagerBOSelectAllTest" name="test1" time="2.315">
    <failure type="java.lang.AssertionError">java.lang.AssertionError
	at org.junit.Assert.fail(Assert.java:86)
	at org.junit.Assert.assertTrue(Assert.java:41)
	at org.junit.Assert.assertTrue(Assert.java:52)
	at org.db.UserDBManagerBOSelectAllTest.test1(UserDBManagerBOSelectAllTest.java:28)
	at sun.reflect.NativeMethodAccessorImpl.invoke0(Native Method)
	at sun.reflect.NativeMethodAccessorImpl.invoke(NativeMethodAccessorImpl.java:62)
	at sun.reflect.DelegatingMethodAccessorImpl.invoke(DelegatingMethodAccessorImpl.java:43)
	at java.lang.reflect.Method.invoke(Method.java:498)
	at org.junit.runners.model.FrameworkMethod$1.runReflectiveCall(FrameworkMethod.java:50)
	at org.junit.internal.runners.model.ReflectiveCallable.run(ReflectiveCallable.java:12)
	at org.junit.runners.model.FrameworkMethod.invokeExplosively(FrameworkMethod.java:47)
	at org.junit.internal.runners.statements.InvokeMethod.evaluate(InvokeMethod.java:17)
	at org.junit.internal.runners.statements.RunBefores.evaluate(RunBefores.java:26)
	at org.junit.internal.runners.statements.RunAfters.evaluate(RunAfters.java:27)
	at org.junit.runners.ParentRunner.runLeaf(ParentRunner.java:325)
	at org.junit.runners.BlockJUnit4ClassRunner.runChild(BlockJUnit4ClassRunner.java:78)
	at org.junit.runners.BlockJUnit4ClassRunner.runChild(BlockJUnit4ClassRunner.java:57)
	at org.junit.runners.ParentRunner$3.run(ParentRunner.java:290)
	at org.junit.runners.ParentRunner$1.schedule(ParentRunner.java:71)
	at org.junit.runners.ParentRunner.runChildren(ParentRunner.java:288)
	at org.junit.runners.ParentRunner.access$000(ParentRunner.java:58)
	at org.junit.runners.ParentRunner$2.evaluate(ParentRunner.java:268)
	at org.junit.runners.ParentRunner.run(ParentRunner.java:363)
	at org.apache.maven.surefire.junit4.JUnit4Provider.execute(JUnit4Provider.java:252)
	at org.apache.maven.surefire.junit4.JUnit4Provider.executeTestSet(JUnit4Provider.java:141)
	at org.apache.maven.surefire.junit4.JUnit4Provider.invoke(JUnit4Provider.java:112)
	at sun.reflect.NativeMethodAccessorImpl.invoke0(Native Method)
	at sun.reflect.NativeMethodAccessorImpl.invoke(NativeMethodAccessorImpl.java:62)
	at sun.reflect.DelegatingMethodAccessorImpl.invoke(DelegatingMethodAccessorImpl.java:43)
	at java.lang.reflect.Method.invoke(Method.java:498)
	at org.apache.maven.surefire.util.ReflectionUtils.invokeMethodWithArray(ReflectionUtils.java:189)
	at org.apache.maven.surefire.booter.ProviderFactory$ProviderProxy.invoke(ProviderFactory.java:165)
	at org.apache.maven.surefire.booter.ProviderFactory.invokeProvider(ProviderFactory.java:85)
	at org.apache.maven.surefire.booter.ForkedBooter.runSuitesInProcess(ForkedBooter.java:115)
	at org.apache.maven.surefire.booter.ForkedBooter.main(ForkedBooter.java:75)
</failure>
    <system-out>2018-02-22 10:54:04 INFO  DBManager:40 - Properties loaded --&gt; dbUsername: test3 - dbPassword: test3 - dbUrl: jdbc:mysql://mercurio:3306/testDB - connectorMainClass: com.mysql.jdbc.Driver - dbDialect: null
2018-02-22 10:54:04 INFO  UserDBManager:36 - Properties loaded --&gt; dbUsername: test3 - dbPassword: test3 - dbUrl: jdbc:mysql://mercurio:3306/testDB - connectorMainClass: com.mysql.jdbc.Driver
2018-02-22 10:54:04 INFO  UserDBManager:42 - Connection opened successfully...
INSERT INTO users ( firstName,lastName,email,password,dateOfBirth,Regdate,role) VALUES(&apos;tina@prox.com&apos;, &apos;pass123&apos;,&apos;Ernesty&apos;,&apos;Tinny&apos;,&apos;1987-12-08&apos;,&apos;2018-02-08&apos;,&apos;10&apos;)
@Before --&gt; inserted rows number: 0
#########
TEST SELECT
#########
2018-02-22 10:54:04 DEBUG logging:110 - Logging Provider: org.jboss.logging.Log4jLoggerProvider
2018-02-22 10:54:04 DEBUG IntegratorServiceImpl:46 - Adding Integrator [org.hibernate.cfg.beanvalidation.BeanValidationIntegrator].
2018-02-22 10:54:04 DEBUG IntegratorServiceImpl:46 - Adding Integrator [org.hibernate.secure.spi.JaccIntegrator].
2018-02-22 10:54:04 DEBUG IntegratorServiceImpl:46 - Adding Integrator [org.hibernate.cache.internal.CollectionCacheInvalidator].
2018-02-22 10:54:05 INFO  Version:45 - HHH000412: Hibernate Core {5.2.13.Final}
2018-02-22 10:54:05 INFO  Environment:198 - HHH000205: Loaded properties from resource hibernate.properties: {hibernate.c3p0.timeout=1800, hibernate.connection.driver_class=com.mysql.jdbc.Driver, hibernate.c3p0.max_statements=50, hibernate.dialect=org.hibernate.dialect.MySQL5Dialect, hibernate.c3p0.max_size=20, hibernate.c3p0.min_size=5, hibernate.connection.username=test3, hibernate.connection.url=jdbc:mysql://localhost:3306/testDB, hibernate.bytecode.use_reflection_optimizer=false, hibernate.connection.password=****}
2018-02-22 10:54:05 DEBUG LocalXmlResourceResolver:57 - Interpreting public/system identifier : [-//Hibernate/Hibernate Configuration DTD//EN] - [http://www.hibernate.org/dtd/hibernate-configuration-3.0.dtd]
2018-02-22 10:54:05 DEBUG LocalXmlResourceResolver:85 - Recognized hibernate-configuration identifier; attempting to resolve on classpath under org/hibernate/
2018-02-22 10:54:05 DEBUG JaxbCfgProcessor:116 - cfg.xml document did not define namespaces; wrapping in custom event reader to introduce namespace information
2018-02-22 10:54:05 DEBUG ServiceBinding:68 - Overriding existing service binding [org.hibernate.secure.spi.JaccService]
2018-02-22 10:54:05 DEBUG RegionFactoryInitiator:75 - Cache region factory : org.hibernate.cache.internal.NoCachingRegionFactory
2018-02-22 10:54:05 INFO  Version:66 - HCANN000001: Hibernate Commons Annotations {5.0.1.Final}
2018-02-22 10:54:05 DEBUG BasicTypeRegistry:145 - Adding type registration boolean -&gt; org.hibernate.type.BooleanType@318ba8c8
2018-02-22 10:54:05 DEBUG BasicTypeRegistry:145 - Adding type registration boolean -&gt; org.hibernate.type.BooleanType@318ba8c8
2018-02-22 10:54:05 DEBUG BasicTypeRegistry:145 - Adding type registration java.lang.Boolean -&gt; org.hibernate.type.BooleanType@318ba8c8
2018-02-22 10:54:05 DEBUG BasicTypeRegistry:145 - Adding type registration numeric_boolean -&gt; org.hibernate.type.NumericBooleanType@163e4e87
2018-02-22 10:54:05 DEBUG BasicTypeRegistry:145 - Adding type registration true_false -&gt; org.hibernate.type.TrueFalseType@6193932a
2018-02-22 10:54:05 DEBUG BasicTypeRegistry:145 - Adding type registration yes_no -&gt; org.hibernate.type.YesNoType@78aab498
2018-02-22 10:54:05 DEBUG BasicTypeRegistry:145 - Adding type registration byte -&gt; org.hibernate.type.ByteType@1677d1
2018-02-22 10:54:05 DEBUG BasicTypeRegistry:145 - Adding type registration byte -&gt; org.hibernate.type.ByteType@1677d1
2018-02-22 10:54:05 DEBUG BasicTypeRegistry:145 - Adding type registration java.lang.Byte -&gt; org.hibernate.type.ByteType@1677d1
2018-02-22 10:54:05 DEBUG BasicTypeRegistry:145 - Adding type registration character -&gt; org.hibernate.type.CharacterType@75329a49
2018-02-22 10:54:05 DEBUG BasicTypeRegistry:145 - Adding type registration char -&gt; org.hibernate.type.CharacterType@75329a49
2018-02-22 10:54:05 DEBUG BasicTypeRegistry:145 - Adding type registration java.lang.Character -&gt; org.hibernate.type.CharacterType@75329a49
2018-02-22 10:54:05 DEBUG BasicTypeRegistry:145 - Adding type registration short -&gt; org.hibernate.type.ShortType@670002
2018-02-22 10:54:05 DEBUG BasicTypeRegistry:145 - Adding type registration short -&gt; org.hibernate.type.ShortType@670002
2018-02-22 10:54:05 DEBUG BasicTypeRegistry:145 - Adding type registration java.lang.Short -&gt; org.hibernate.type.ShortType@670002
2018-02-22 10:54:05 DEBUG BasicTypeRegistry:145 - Adding type registration integer -&gt; org.hibernate.type.IntegerType@96def03
2018-02-22 10:54:05 DEBUG BasicTypeRegistry:145 - Adding type registration int -&gt; org.hibernate.type.IntegerType@96def03
2018-02-22 10:54:05 DEBUG BasicTypeRegistry:145 - Adding type registration java.lang.Integer -&gt; org.hibernate.type.IntegerType@96def03
2018-02-22 10:54:05 DEBUG BasicTypeRegistry:145 - Adding type registration long -&gt; org.hibernate.type.LongType@3cc2931c
2018-02-22 10:54:05 DEBUG BasicTypeRegistry:145 - Adding type registration long -&gt; org.hibernate.type.LongType@3cc2931c
2018-02-22 10:54:05 DEBUG BasicTypeRegistry:145 - Adding type registration java.lang.Long -&gt; org.hibernate.type.LongType@3cc2931c
2018-02-22 10:54:05 DEBUG BasicTypeRegistry:145 - Adding type registration float -&gt; org.hibernate.type.FloatType@5c909414
2018-02-22 10:54:05 DEBUG BasicTypeRegistry:145 - Adding type registration float -&gt; org.hibernate.type.FloatType@5c909414
2018-02-22 10:54:05 DEBUG BasicTypeRegistry:145 - Adding type registration java.lang.Float -&gt; org.hibernate.type.FloatType@5c909414
2018-02-22 10:54:05 DEBUG BasicTypeRegistry:145 - Adding type registration double -&gt; org.hibernate.type.DoubleType@4386f16
2018-02-22 10:54:05 DEBUG BasicTypeRegistry:145 - Adding type registration double -&gt; org.hibernate.type.DoubleType@4386f16
2018-02-22 10:54:05 DEBUG BasicTypeRegistry:145 - Adding type registration java.lang.Double -&gt; org.hibernate.type.DoubleType@4386f16
2018-02-22 10:54:05 DEBUG BasicTypeRegistry:145 - Adding type registration big_decimal -&gt; org.hibernate.type.BigDecimalType@1184ab05
2018-02-22 10:54:05 DEBUG BasicTypeRegistry:145 - Adding type registration java.math.BigDecimal -&gt; org.hibernate.type.BigDecimalType@1184ab05
2018-02-22 10:54:05 DEBUG BasicTypeRegistry:145 - Adding type registration big_integer -&gt; org.hibernate.type.BigIntegerType@6af93788
2018-02-22 10:54:05 DEBUG BasicTypeRegistry:145 - Adding type registration java.math.BigInteger -&gt; org.hibernate.type.BigIntegerType@6af93788
2018-02-22 10:54:05 DEBUG BasicTypeRegistry:145 - Adding type registration string -&gt; org.hibernate.type.StringType@1c93084c
2018-02-22 10:54:05 DEBUG BasicTypeRegistry:145 - Adding type registration java.lang.String -&gt; org.hibernate.type.StringType@1c93084c
2018-02-22 10:54:05 DEBUG BasicTypeRegistry:145 - Adding type registration nstring -&gt; org.hibernate.type.StringNVarcharType@5223e5ee
2018-02-22 10:54:05 DEBUG BasicTypeRegistry:145 - Adding type registration ncharacter -&gt; org.hibernate.type.CharacterNCharType@1d119efb
2018-02-22 10:54:05 DEBUG BasicTypeRegistry:145 - Adding type registration url -&gt; org.hibernate.type.UrlType@49b0b76
2018-02-22 10:54:05 DEBUG BasicTypeRegistry:145 - Adding type registration java.net.URL -&gt; org.hibernate.type.UrlType@49b0b76
2018-02-22 10:54:05 DEBUG BasicTypeRegistry:145 - Adding type registration Duration -&gt; org.hibernate.type.DurationType@be64738
2018-02-22 10:54:05 DEBUG BasicTypeRegistry:145 - Adding type registration java.time.Duration -&gt; org.hibernate.type.DurationType@be64738
2018-02-22 10:54:05 DEBUG BasicTypeRegistry:145 - Adding type registration Instant -&gt; org.hibernate.type.InstantType@353d0772
2018-02-22 10:54:05 DEBUG BasicTypeRegistry:145 - Adding type registration java.time.Instant -&gt; org.hibernate.type.InstantType@353d0772
2018-02-22 10:54:05 DEBUG BasicTypeRegistry:145 - Adding type registration LocalDateTime -&gt; org.hibernate.type.LocalDateTimeType@13e39c73
2018-02-22 10:54:05 DEBUG BasicTypeRegistry:145 - Adding type registration java.time.LocalDateTime -&gt; org.hibernate.type.LocalDateTimeType@13e39c73
2018-02-22 10:54:05 DEBUG BasicTypeRegistry:145 - Adding type registration LocalDate -&gt; org.hibernate.type.LocalDateType@63355449
2018-02-22 10:54:05 DEBUG BasicTypeRegistry:145 - Adding type registration java.time.LocalDate -&gt; org.hibernate.type.LocalDateType@63355449
2018-02-22 10:54:05 DEBUG BasicTypeRegistry:145 - Adding type registration LocalTime -&gt; org.hibernate.type.LocalTimeType@30ee2816
2018-02-22 10:54:05 DEBUG BasicTypeRegistry:145 - Adding type registration java.time.LocalTime -&gt; org.hibernate.type.LocalTimeType@30ee2816
2018-02-22 10:54:05 DEBUG BasicTypeRegistry:145 - Adding type registration OffsetDateTime -&gt; org.hibernate.type.OffsetDateTimeType@1139b2f3
2018-02-22 10:54:05 DEBUG BasicTypeRegistry:145 - Adding type registration java.time.OffsetDateTime -&gt; org.hibernate.type.OffsetDateTimeType@1139b2f3
2018-02-22 10:54:05 DEBUG BasicTypeRegistry:145 - Adding type registration OffsetTime -&gt; org.hibernate.type.OffsetTimeType@50a638b5
2018-02-22 10:54:05 DEBUG BasicTypeRegistry:145 - Adding type registration java.time.OffsetTime -&gt; org.hibernate.type.OffsetTimeType@50a638b5
2018-02-22 10:54:05 DEBUG BasicTypeRegistry:145 - Adding type registration ZonedDateTime -&gt; org.hibernate.type.ZonedDateTimeType@3daa422a
2018-02-22 10:54:05 DEBUG BasicTypeRegistry:145 - Adding type registration java.time.ZonedDateTime -&gt; org.hibernate.type.ZonedDateTimeType@3daa422a
2018-02-22 10:54:05 DEBUG BasicTypeRegistry:145 - Adding type registration date -&gt; org.hibernate.type.DateType@28eaa59a
2018-02-22 10:54:05 DEBUG BasicTypeRegistry:145 - Adding type registration java.sql.Date -&gt; org.hibernate.type.DateType@28eaa59a
2018-02-22 10:54:05 DEBUG BasicTypeRegistry:145 - Adding type registration time -&gt; org.hibernate.type.TimeType@35ef1869
2018-02-22 10:54:05 DEBUG BasicTypeRegistry:145 - Adding type registration java.sql.Time -&gt; org.hibernate.type.TimeType@35ef1869
2018-02-22 10:54:05 DEBUG BasicTypeRegistry:145 - Adding type registration timestamp -&gt; org.hibernate.type.TimestampType@708f5957
2018-02-22 10:54:05 DEBUG BasicTypeRegistry:145 - Adding type registration java.sql.Timestamp -&gt; org.hibernate.type.TimestampType@708f5957
2018-02-22 10:54:05 DEBUG BasicTypeRegistry:145 - Adding type registration java.util.Date -&gt; org.hibernate.type.TimestampType@708f5957
2018-02-22 10:54:05 DEBUG BasicTypeRegistry:145 - Adding type registration dbtimestamp -&gt; org.hibernate.type.DbTimestampType@2ef3eef9
2018-02-22 10:54:05 DEBUG BasicTypeRegistry:145 - Adding type registration calendar -&gt; org.hibernate.type.CalendarType@16ec5519
2018-02-22 10:54:05 DEBUG BasicTypeRegistry:145 - Adding type registration java.util.Calendar -&gt; org.hibernate.type.CalendarType@16ec5519
2018-02-22 10:54:05 DEBUG BasicTypeRegistry:145 - Adding type registration java.util.GregorianCalendar -&gt; org.hibernate.type.CalendarType@16ec5519
2018-02-22 10:54:05 DEBUG BasicTypeRegistry:145 - Adding type registration calendar_date -&gt; org.hibernate.type.CalendarDateType@1ea9f6af
2018-02-22 10:54:05 DEBUG BasicTypeRegistry:145 - Adding type registration locale -&gt; org.hibernate.type.LocaleType@3835c46
2018-02-22 10:54:05 DEBUG BasicTypeRegistry:145 - Adding type registration java.util.Locale -&gt; org.hibernate.type.LocaleType@3835c46
2018-02-22 10:54:05 DEBUG BasicTypeRegistry:145 - Adding type registration currency -&gt; org.hibernate.type.CurrencyType@56620197
2018-02-22 10:54:05 DEBUG BasicTypeRegistry:145 - Adding type registration java.util.Currency -&gt; org.hibernate.type.CurrencyType@56620197
2018-02-22 10:54:05 DEBUG BasicTypeRegistry:145 - Adding type registration timezone -&gt; org.hibernate.type.TimeZoneType@72057ecf
2018-02-22 10:54:05 DEBUG BasicTypeRegistry:145 - Adding type registration java.util.TimeZone -&gt; org.hibernate.type.TimeZoneType@72057ecf
2018-02-22 10:54:05 DEBUG BasicTypeRegistry:145 - Adding type registration class -&gt; org.hibernate.type.ClassType@333291e3
2018-02-22 10:54:05 DEBUG BasicTypeRegistry:145 - Adding type registration java.lang.Class -&gt; org.hibernate.type.ClassType@333291e3
2018-02-22 10:54:05 DEBUG BasicTypeRegistry:145 - Adding type registration uuid-binary -&gt; org.hibernate.type.UUIDBinaryType@123ef382
2018-02-22 10:54:05 DEBUG BasicTypeRegistry:145 - Adding type registration java.util.UUID -&gt; org.hibernate.type.UUIDBinaryType@123ef382
2018-02-22 10:54:05 DEBUG BasicTypeRegistry:145 - Adding type registration uuid-char -&gt; org.hibernate.type.UUIDCharType@61862a7f
2018-02-22 10:54:05 DEBUG BasicTypeRegistry:145 - Adding type registration binary -&gt; org.hibernate.type.BinaryType@42e99e4a
2018-02-22 10:54:05 DEBUG BasicTypeRegistry:145 - Adding type registration byte[] -&gt; org.hibernate.type.BinaryType@42e99e4a
2018-02-22 10:54:05 DEBUG BasicTypeRegistry:145 - Adding type registration [B -&gt; org.hibernate.type.BinaryType@42e99e4a
2018-02-22 10:54:05 DEBUG BasicTypeRegistry:145 - Adding type registration wrapper-binary -&gt; org.hibernate.type.WrapperBinaryType@1a451d4d
2018-02-22 10:54:05 DEBUG BasicTypeRegistry:145 - Adding type registration Byte[] -&gt; org.hibernate.type.WrapperBinaryType@1a451d4d
2018-02-22 10:54:05 DEBUG BasicTypeRegistry:145 - Adding type registration [Ljava.lang.Byte; -&gt; org.hibernate.type.WrapperBinaryType@1a451d4d
2018-02-22 10:54:05 DEBUG BasicTypeRegistry:145 - Adding type registration row_version -&gt; org.hibernate.type.RowVersionType@5e0826e7
2018-02-22 10:54:05 DEBUG BasicTypeRegistry:145 - Adding type registration image -&gt; org.hibernate.type.ImageType@3ce1e309
2018-02-22 10:54:05 DEBUG BasicTypeRegistry:145 - Adding type registration characters -&gt; org.hibernate.type.CharArrayType@7c729a55
2018-02-22 10:54:05 DEBUG BasicTypeRegistry:145 - Adding type registration char[] -&gt; org.hibernate.type.CharArrayType@7c729a55
2018-02-22 10:54:05 DEBUG BasicTypeRegistry:145 - Adding type registration [C -&gt; org.hibernate.type.CharArrayType@7c729a55
2018-02-22 10:54:05 DEBUG BasicTypeRegistry:145 - Adding type registration wrapper-characters -&gt; org.hibernate.type.CharacterArrayType@44ebcd03
2018-02-22 10:54:05 DEBUG BasicTypeRegistry:145 - Adding type registration [Ljava.lang.Character; -&gt; org.hibernate.type.CharacterArrayType@44ebcd03
2018-02-22 10:54:05 DEBUG BasicTypeRegistry:145 - Adding type registration Character[] -&gt; org.hibernate.type.CharacterArrayType@44ebcd03
2018-02-22 10:54:05 DEBUG BasicTypeRegistry:145 - Adding type registration text -&gt; org.hibernate.type.TextType@6356695f
2018-02-22 10:54:05 DEBUG BasicTypeRegistry:145 - Adding type registration ntext -&gt; org.hibernate.type.NTextType@4466af20
2018-02-22 10:54:05 DEBUG BasicTypeRegistry:145 - Adding type registration blob -&gt; org.hibernate.type.BlobType@dd8ba08
2018-02-22 10:54:05 DEBUG BasicTypeRegistry:145 - Adding type registration java.sql.Blob -&gt; org.hibernate.type.BlobType@dd8ba08
2018-02-22 10:54:05 DEBUG BasicTypeRegistry:145 - Adding type registration materialized_blob -&gt; org.hibernate.type.MaterializedBlobType@6ae5aa72
2018-02-22 10:54:05 DEBUG BasicTypeRegistry:145 - Adding type registration clob -&gt; org.hibernate.type.ClobType@74fe5c40
2018-02-22 10:54:05 DEBUG BasicTypeRegistry:145 - Adding type registration java.sql.Clob -&gt; org.hibernate.type.ClobType@74fe5c40
2018-02-22 10:54:05 DEBUG BasicTypeRegistry:145 - Adding type registration nclob -&gt; org.hibernate.type.NClobType@1b7cc17c
2018-02-22 10:54:05 DEBUG BasicTypeRegistry:145 - Adding type registration java.sql.NClob -&gt; org.hibernate.type.NClobType@1b7cc17c
2018-02-22 10:54:05 DEBUG BasicTypeRegistry:145 - Adding type registration materialized_clob -&gt; org.hibernate.type.MaterializedClobType@67c27493
2018-02-22 10:54:05 DEBUG BasicTypeRegistry:145 - Adding type registration materialized_nclob -&gt; org.hibernate.type.MaterializedNClobType@5b8dfcc1
2018-02-22 10:54:05 DEBUG BasicTypeRegistry:145 - Adding type registration serializable -&gt; org.hibernate.type.SerializableType@6cf0e0ba
2018-02-22 10:54:05 DEBUG BasicTypeRegistry:145 - Adding type registration object -&gt; org.hibernate.type.ObjectType@2a3b5b47
2018-02-22 10:54:05 DEBUG BasicTypeRegistry:145 - Adding type registration java.lang.Object -&gt; org.hibernate.type.ObjectType@2a3b5b47
2018-02-22 10:54:05 DEBUG BasicTypeRegistry:145 - Adding type registration imm_date -&gt; org.hibernate.type.AdaptedImmutableType@689604d9
2018-02-22 10:54:05 DEBUG BasicTypeRegistry:145 - Adding type registration imm_time -&gt; org.hibernate.type.AdaptedImmutableType@18078bef
2018-02-22 10:54:05 DEBUG BasicTypeRegistry:145 - Adding type registration imm_timestamp -&gt; org.hibernate.type.AdaptedImmutableType@799f10e1
2018-02-22 10:54:05 DEBUG BasicTypeRegistry:145 - Adding type registration imm_dbtimestamp -&gt; org.hibernate.type.AdaptedImmutableType@4c371370
2018-02-22 10:54:05 DEBUG BasicTypeRegistry:145 - Adding type registration imm_calendar -&gt; org.hibernate.type.AdaptedImmutableType@145f66e3
2018-02-22 10:54:05 DEBUG BasicTypeRegistry:145 - Adding type registration imm_calendar_date -&gt; org.hibernate.type.AdaptedImmutableType@3023df74
2018-02-22 10:54:05 DEBUG BasicTypeRegistry:145 - Adding type registration imm_binary -&gt; org.hibernate.type.AdaptedImmutableType@313ac989
2018-02-22 10:54:05 DEBUG BasicTypeRegistry:145 - Adding type registration imm_serializable -&gt; org.hibernate.type.AdaptedImmutableType@4562e04d
2018-02-22 10:54:05 WARN  ConnectionProviderInitiator:219 - HHH000022: c3p0 properties were encountered, but the c3p0 provider class was not found on the classpath; these properties are going to be ignored.
2018-02-22 10:54:05 WARN  pooling:73 - HHH10001002: Using Hibernate built-in connection pool (not for production use!)
2018-02-22 10:54:05 INFO  pooling:129 - HHH10001005: using driver [com.mysql.jdbc.Driver] at URL [jdbc:mysql://localhost:3306/testDB]
2018-02-22 10:54:05 INFO  pooling:135 - HHH10001001: Connection properties: {user=test3, password=test3}
2018-02-22 10:54:05 INFO  pooling:143 - HHH10001003: Autocommit mode: false
2018-02-22 10:54:05 DEBUG DriverManagerConnectionProviderImpl:384 - Initializing Connection pool with 1 Connections
2018-02-22 10:54:05 INFO  DriverManagerConnectionProviderImpl:281 - HHH000115: Hibernate connection pool size: 20 (min=1)
2018-02-22 10:54:05 DEBUG JdbcEnvironmentInitiator:72 - Database -&gt;
       name : MySQL
    version : 5.7.21-log
      major : 5
      minor : 7
2018-02-22 10:54:05 DEBUG JdbcEnvironmentInitiator:83 - Driver -&gt;
       name : MySQL-AB JDBC Driver
    version : mysql-connector-java-5.1.6 ( Revision: ${svn.Revision} )
      major : 5
      minor : 1
2018-02-22 10:54:05 DEBUG JdbcEnvironmentInitiator:389 - JDBC version : 3.0
2018-02-22 10:54:05 INFO  Dialect:157 - HHH000400: Using dialect: org.hibernate.dialect.MySQL5Dialect
2018-02-22 10:54:05 DEBUG IdentifierHelperBuilder:117 - JDBC driver metadata reported database stores quoted identifiers in more than one case
2018-02-22 10:54:05 DEBUG IdentifierHelperBuilder:191 - IdentifierCaseStrategy for both quoted and unquoted identifiers was set to the same strategy [LOWER]; that will likely lead to problems in schema update and validation if using quoted identifiers
2018-02-22 10:54:05 INFO  LobCreatorBuilderImpl:98 - HHH000423: Disabling contextual LOB creation as JDBC driver reported JDBC version [3] less than 4
2018-02-22 10:54:05 DEBUG DefaultIdentifierGeneratorFactory:81 - Registering IdentifierGenerator strategy [uuid2] -&gt; [org.hibernate.id.UUIDGenerator]
2018-02-22 10:54:05 DEBUG DefaultIdentifierGeneratorFactory:81 - Registering IdentifierGenerator strategy [guid] -&gt; [org.hibernate.id.GUIDGenerator]
2018-02-22 10:54:05 DEBUG DefaultIdentifierGeneratorFactory:81 - Registering IdentifierGenerator strategy [uuid] -&gt; [org.hibernate.id.UUIDHexGenerator]
2018-02-22 10:54:05 DEBUG DefaultIdentifierGeneratorFactory:81 - Registering IdentifierGenerator strategy [uuid.hex] -&gt; [org.hibernate.id.UUIDHexGenerator]
2018-02-22 10:54:05 DEBUG DefaultIdentifierGeneratorFactory:81 - Registering IdentifierGenerator strategy [assigned] -&gt; [org.hibernate.id.Assigned]
2018-02-22 10:54:05 DEBUG DefaultIdentifierGeneratorFactory:81 - Registering IdentifierGenerator strategy [identity] -&gt; [org.hibernate.id.IdentityGenerator]
2018-02-22 10:54:05 DEBUG DefaultIdentifierGeneratorFactory:81 - Registering IdentifierGenerator strategy [select] -&gt; [org.hibernate.id.SelectGenerator]
2018-02-22 10:54:05 DEBUG DefaultIdentifierGeneratorFactory:81 - Registering IdentifierGenerator strategy [sequence] -&gt; [org.hibernate.id.enhanced.SequenceStyleGenerator]
2018-02-22 10:54:05 DEBUG DefaultIdentifierGeneratorFactory:81 - Registering IdentifierGenerator strategy [seqhilo] -&gt; [org.hibernate.id.SequenceHiLoGenerator]
2018-02-22 10:54:05 DEBUG DefaultIdentifierGeneratorFactory:81 - Registering IdentifierGenerator strategy [increment] -&gt; [org.hibernate.id.IncrementGenerator]
2018-02-22 10:54:05 DEBUG DefaultIdentifierGeneratorFactory:81 - Registering IdentifierGenerator strategy [foreign] -&gt; [org.hibernate.id.ForeignGenerator]
2018-02-22 10:54:05 DEBUG DefaultIdentifierGeneratorFactory:81 - Registering IdentifierGenerator strategy [sequence-identity] -&gt; [org.hibernate.id.SequenceIdentityGenerator]
2018-02-22 10:54:05 DEBUG DefaultIdentifierGeneratorFactory:81 - Registering IdentifierGenerator strategy [enhanced-sequence] -&gt; [org.hibernate.id.enhanced.SequenceStyleGenerator]
2018-02-22 10:54:05 DEBUG DefaultIdentifierGeneratorFactory:81 - Registering IdentifierGenerator strategy [enhanced-table] -&gt; [org.hibernate.id.enhanced.TableGenerator]
2018-02-22 10:54:05 DEBUG Namespace:47 - Created database namespace [logicalName=Name{catalog=null, schema=null}, physicalName=Name{catalog=null, schema=null}]
2018-02-22 10:54:05 DEBUG AnnotationBinder:511 - Binding entity from annotated class: org.entities.User
2018-02-22 10:54:05 DEBUG QueryBinder:80 - Binding named query: User.findAll =&gt; SELECT u FROM User u
2018-02-22 10:54:05 DEBUG Ejb3Column:213 - Binding column: Ejb3DiscriminatorColumn{logicalColumnName&apos;DTYPE&apos;, discriminatorTypeName=&apos;string&apos;}
2018-02-22 10:54:05 DEBUG EntityBinder:419 - Import with entity name User
2018-02-22 10:54:05 DEBUG EntityBinder:695 - Bind entity org.entities.User on table users
2018-02-22 10:54:05 DEBUG Ejb3Column:213 - Binding column: Ejb3Column{table=org.hibernate.mapping.Table(users), mappingColumn=id, insertable=true, updatable=true, unique=false}
2018-02-22 10:54:05 DEBUG PropertyBinder:175 - MetadataSourceProcessor property id with lazy=false
2018-02-22 10:54:05 DEBUG AbstractPropertyHolder:95 - Attempting to locate auto-apply AttributeConverter for property [org.entities.User:id]
2018-02-22 10:54:05 DEBUG SimpleValueBinder:411 - building SimpleValue for id
2018-02-22 10:54:05 DEBUG PropertyBinder:266 - Building property id
2018-02-22 10:54:05 DEBUG Ejb3Column:213 - Binding column: Ejb3Column{table=org.hibernate.mapping.Table(users), mappingColumn=dateOfBirth, insertable=true, updatable=true, unique=false}
2018-02-22 10:54:05 DEBUG PropertyBinder:175 - MetadataSourceProcessor property dateOfBirth with lazy=false
2018-02-22 10:54:05 DEBUG AbstractPropertyHolder:95 - Attempting to locate auto-apply AttributeConverter for property [org.entities.User:dateOfBirth]
2018-02-22 10:54:05 DEBUG SimpleValueBinder:411 - building SimpleValue for dateOfBirth
2018-02-22 10:54:05 DEBUG PropertyBinder:266 - Building property dateOfBirth
2018-02-22 10:54:05 DEBUG Ejb3Column:213 - Binding column: Ejb3Column{table=org.hibernate.mapping.Table(users), mappingColumn=email, insertable=true, updatable=true, unique=false}
2018-02-22 10:54:05 DEBUG PropertyBinder:175 - MetadataSourceProcessor property email with lazy=false
2018-02-22 10:54:05 DEBUG AbstractPropertyHolder:95 - Attempting to locate auto-apply AttributeConverter for property [org.entities.User:email]
2018-02-22 10:54:05 DEBUG SimpleValueBinder:411 - building SimpleValue for email
2018-02-22 10:54:05 DEBUG PropertyBinder:266 - Building property email
2018-02-22 10:54:05 DEBUG Ejb3Column:213 - Binding column: Ejb3Column{table=org.hibernate.mapping.Table(users), mappingColumn=firstname, insertable=true, updatable=true, unique=false}
2018-02-22 10:54:05 DEBUG PropertyBinder:175 - MetadataSourceProcessor property firstname with lazy=false
2018-02-22 10:54:05 DEBUG AbstractPropertyHolder:95 - Attempting to locate auto-apply AttributeConverter for property [org.entities.User:firstname]
2018-02-22 10:54:05 DEBUG SimpleValueBinder:411 - building SimpleValue for firstname
2018-02-22 10:54:05 DEBUG PropertyBinder:266 - Building property firstname
2018-02-22 10:54:05 DEBUG Ejb3Column:213 - Binding column: Ejb3Column{table=org.hibernate.mapping.Table(users), mappingColumn=imgpath, insertable=true, updatable=true, unique=false}
2018-02-22 10:54:05 DEBUG PropertyBinder:175 - MetadataSourceProcessor property imgpath with lazy=false
2018-02-22 10:54:05 DEBUG AbstractPropertyHolder:95 - Attempting to locate auto-apply AttributeConverter for property [org.entities.User:imgpath]
2018-02-22 10:54:05 DEBUG SimpleValueBinder:411 - building SimpleValue for imgpath
2018-02-22 10:54:05 DEBUG PropertyBinder:266 - Building property imgpath
2018-02-22 10:54:05 DEBUG Ejb3Column:213 - Binding column: Ejb3Column{table=org.hibernate.mapping.Table(users), mappingColumn=lastname, insertable=true, updatable=true, unique=false}
2018-02-22 10:54:05 DEBUG PropertyBinder:175 - MetadataSourceProcessor property lastname with lazy=false
2018-02-22 10:54:05 DEBUG AbstractPropertyHolder:95 - Attempting to locate auto-apply AttributeConverter for property [org.entities.User:lastname]
2018-02-22 10:54:05 DEBUG SimpleValueBinder:411 - building SimpleValue for lastname
2018-02-22 10:54:05 DEBUG PropertyBinder:266 - Building property lastname
2018-02-22 10:54:05 DEBUG Ejb3Column:213 - Binding column: Ejb3Column{table=org.hibernate.mapping.Table(users), mappingColumn=password, insertable=true, updatable=true, unique=false}
2018-02-22 10:54:05 DEBUG PropertyBinder:175 - MetadataSourceProcessor property password with lazy=false
2018-02-22 10:54:05 DEBUG AbstractPropertyHolder:95 - Attempting to locate auto-apply AttributeConverter for property [org.entities.User:password]
2018-02-22 10:54:05 DEBUG SimpleValueBinder:411 - building SimpleValue for password
2018-02-22 10:54:05 DEBUG PropertyBinder:266 - Building property password
2018-02-22 10:54:05 DEBUG Ejb3Column:213 - Binding column: Ejb3Column{table=org.hibernate.mapping.Table(users), mappingColumn=regdate, insertable=true, updatable=true, unique=false}
2018-02-22 10:54:05 DEBUG PropertyBinder:175 - MetadataSourceProcessor property regdate with lazy=false
2018-02-22 10:54:05 DEBUG AbstractPropertyHolder:95 - Attempting to locate auto-apply AttributeConverter for property [org.entities.User:regdate]
2018-02-22 10:54:05 DEBUG SimpleValueBinder:411 - building SimpleValue for regdate
2018-02-22 10:54:05 DEBUG PropertyBinder:266 - Building property regdate
2018-02-22 10:54:05 DEBUG Ejb3Column:213 - Binding column: Ejb3Column{table=org.hibernate.mapping.Table(users), mappingColumn=role, insertable=true, updatable=true, unique=false}
2018-02-22 10:54:05 DEBUG PropertyBinder:175 - MetadataSourceProcessor property role with lazy=false
2018-02-22 10:54:05 DEBUG AbstractPropertyHolder:95 - Attempting to locate auto-apply AttributeConverter for property [org.entities.User:role]
2018-02-22 10:54:05 DEBUG SimpleValueBinder:411 - building SimpleValue for role
2018-02-22 10:54:05 DEBUG PropertyBinder:266 - Building property role
2018-02-22 10:54:05 DEBUG SimpleValueBinder:456 - Starting fillSimpleValue for id
2018-02-22 10:54:05 DEBUG SimpleValueBinder:456 - Starting fillSimpleValue for dateOfBirth
2018-02-22 10:54:05 DEBUG SimpleValueBinder:456 - Starting fillSimpleValue for email
2018-02-22 10:54:05 DEBUG SimpleValueBinder:456 - Starting fillSimpleValue for firstname
2018-02-22 10:54:05 DEBUG SimpleValueBinder:456 - Starting fillSimpleValue for imgpath
2018-02-22 10:54:05 DEBUG SimpleValueBinder:456 - Starting fillSimpleValue for lastname
2018-02-22 10:54:05 DEBUG SimpleValueBinder:456 - Starting fillSimpleValue for password
2018-02-22 10:54:05 DEBUG SimpleValueBinder:456 - Starting fillSimpleValue for regdate
2018-02-22 10:54:05 DEBUG SimpleValueBinder:456 - Starting fillSimpleValue for role
2018-02-22 10:54:05 DEBUG PrimaryKey:35 - Forcing column [id] to be non-null as it is part of the primary key for table [users]
2018-02-22 10:54:05 DEBUG SessionFactoryImpl:199 - Building session factory
2018-02-22 10:54:05 DEBUG Settings:69 - SessionFactory name : null
2018-02-22 10:54:05 DEBUG Settings:70 - Automatic flush during beforeCompletion(): enabled
2018-02-22 10:54:05 DEBUG Settings:71 - Automatic session close at end of transaction: disabled
2018-02-22 10:54:05 DEBUG Settings:73 - Statistics: disabled
2018-02-22 10:54:05 DEBUG Settings:75 - Deleted entity synthetic identifier rollback: disabled
2018-02-22 10:54:05 DEBUG Settings:76 - Default entity-mode: pojo
2018-02-22 10:54:05 DEBUG Settings:77 - Check Nullability in Core (should be disabled when Bean Validation is on): enabled
2018-02-22 10:54:05 DEBUG Settings:78 - Allow initialization of lazy state outside session : disabled
2018-02-22 10:54:05 DEBUG Settings:80 - Using BatchFetchStyle : LEGACY
2018-02-22 10:54:05 DEBUG Settings:81 - Default batch fetch size: -1
2018-02-22 10:54:05 DEBUG Settings:82 - Maximum outer join fetch depth: 2
2018-02-22 10:54:05 DEBUG Settings:83 - Default null ordering: NONE
2018-02-22 10:54:05 DEBUG Settings:84 - Order SQL updates by primary key: disabled
2018-02-22 10:54:05 DEBUG Settings:85 - Order SQL inserts for batching: disabled
2018-02-22 10:54:05 DEBUG Settings:87 - multi-tenancy strategy : NONE
2018-02-22 10:54:05 DEBUG Settings:89 - JTA Track by Thread: enabled
2018-02-22 10:54:05 DEBUG Settings:91 - Query language substitutions: {}
2018-02-22 10:54:05 DEBUG Settings:92 - JPA query language strict compliance: disabled
2018-02-22 10:54:05 DEBUG Settings:93 - Named query checking : enabled
2018-02-22 10:54:05 DEBUG Settings:95 - Second-level cache: enabled
2018-02-22 10:54:05 DEBUG Settings:96 - Second-level query cache: disabled
2018-02-22 10:54:05 DEBUG Settings:97 - Second-level query cache factory: org.hibernate.cache.internal.StandardQueryCacheFactory@1cd629b3
2018-02-22 10:54:05 DEBUG Settings:98 - Second-level cache region prefix: null
2018-02-22 10:54:05 DEBUG Settings:99 - Optimize second-level cache for minimal puts: disabled
2018-02-22 10:54:05 DEBUG Settings:100 - Structured second-level cache entries: disabled
2018-02-22 10:54:05 DEBUG Settings:101 - Second-level cache direct-reference entries: disabled
2018-02-22 10:54:05 DEBUG Settings:102 - Automatic eviction of collection cache: disabled
2018-02-22 10:54:05 DEBUG Settings:104 - JDBC batch size: 15
2018-02-22 10:54:05 DEBUG Settings:105 - JDBC batch updates for versioned data: enabled
2018-02-22 10:54:05 DEBUG Settings:106 - Scrollable result sets: enabled
2018-02-22 10:54:05 DEBUG Settings:107 - Wrap result sets: disabled
2018-02-22 10:54:05 DEBUG Settings:108 - JDBC3 getGeneratedKeys(): enabled
2018-02-22 10:54:05 DEBUG Settings:109 - JDBC result set fetch size: null
2018-02-22 10:54:05 DEBUG Settings:110 - Connection release mode: AFTER_TRANSACTION
2018-02-22 10:54:05 DEBUG Settings:111 - Generate SQL with comments: disabled
2018-02-22 10:54:06 DEBUG SessionFactoryImpl:257 - Session factory constructed with filter configurations : {}
2018-02-22 10:54:06 DEBUG SessionFactoryImpl:258 - Instantiating session factory with properties: {sun.desktop=windows, awt.toolkit=sun.awt.windows.WToolkit, file.encoding.pkg=sun.io, java.specification.version=1.8, sun.cpu.isalist=amd64, sun.jnu.encoding=Cp1252, hibernate.dialect=org.hibernate.dialect.MySQL5Dialect, hibernate.c3p0.min_size=5, java.class.path=C:\Users\UTENTE9\Desktop\corso_java\corso_java\workspace\UserManagementPersistence\target\test-classes;C:\Users\UTENTE9\Desktop\corso_java\corso_java\workspace\UserManagementPersistence\target\classes;C:\Users\UTENTE9\.m2\repository\junit\junit\4.12\junit-4.12.jar;C:\Users\UTENTE9\.m2\repository\org\hamcrest\hamcrest-core\1.3\hamcrest-core-1.3.jar;C:\Users\UTENTE9\.m2\repository\mysql\mysql-connector-java\5.1.6\mysql-connector-java-5.1.6.jar;C:\Users\UTENTE9\.m2\repository\log4j\log4j\1.2.17\log4j-1.2.17.jar;C:\Users\UTENTE9\.m2\repository\org\hibernate\hibernate-core\5.2.13.Final\hibernate-core-5.2.13.Final.jar;C:\Users\UTENTE9\.m2\repository\org\jboss\logging\jboss-logging\3.3.1.Final\jboss-logging-3.3.1.Final.jar;C:\Users\UTENTE9\.m2\repository\org\hibernate\javax\persistence\hibernate-jpa-2.1-api\1.0.0.Final\hibernate-jpa-2.1-api-1.0.0.Final.jar;C:\Users\UTENTE9\.m2\repository\org\javassist\javassist\3.22.0-GA\javassist-3.22.0-GA.jar;C:\Users\UTENTE9\.m2\repository\antlr\antlr\2.7.7\antlr-2.7.7.jar;C:\Users\UTENTE9\.m2\repository\org\jboss\spec\javax\transaction\jboss-transaction-api_1.2_spec\1.0.1.Final\jboss-transaction-api_1.2_spec-1.0.1.Final.jar;C:\Users\UTENTE9\.m2\repository\org\jboss\jandex\2.0.3.Final\jandex-2.0.3.Final.jar;C:\Users\UTENTE9\.m2\repository\com\fasterxml\classmate\1.3.0\classmate-1.3.0.jar;C:\Users\UTENTE9\.m2\repository\dom4j\dom4j\1.6.1\dom4j-1.6.1.jar;C:\Users\UTENTE9\.m2\repository\org\hibernate\common\hibernate-commons-annotations\5.0.1.Final\hibernate-commons-annotations-5.0.1.Final.jar;, java.vm.vendor=Oracle Corporation, sun.arch.data.model=64, user.variant=, java.vendor.url=http://java.oracle.com/, user.timezone=Europe/Berlin, os.name=Windows 10, java.vm.specification.version=1.8, user.country=IT, sun.java.launcher=SUN_STANDARD, sun.boot.library.path=C:\Program Files\Java\jdk1.8.0_151\jre\bin, sun.java.command=C:\Users\UTENTE9\Desktop\corso_java\corso_java\workspace\UserManagementPersistence\target\surefire\surefirebooter3062974234158620988.jar C:\Users\UTENTE9\Desktop\corso_java\corso_java\workspace\UserManagementPersistence\target\surefire\surefire9159486664437675246tmp C:\Users\UTENTE9\Desktop\corso_java\corso_java\workspace\UserManagementPersistence\target\surefire\surefire_03755744355778993431tmp, surefire.test.class.path=C:\Users\UTENTE9\Desktop\corso_java\corso_java\workspace\UserManagementPersistence\target\test-classes;C:\Users\UTENTE9\Desktop\corso_java\corso_java\workspace\UserManagementPersistence\target\classes;C:\Users\UTENTE9\.m2\repository\junit\junit\4.12\junit-4.12.jar;C:\Users\UTENTE9\.m2\repository\org\hamcrest\hamcrest-core\1.3\hamcrest-core-1.3.jar;C:\Users\UTENTE9\.m2\repository\mysql\mysql-connector-java\5.1.6\mysql-connector-java-5.1.6.jar;C:\Users\UTENTE9\.m2\repository\log4j\log4j\1.2.17\log4j-1.2.17.jar;C:\Users\UTENTE9\.m2\repository\org\hibernate\hibernate-core\5.2.13.Final\hibernate-core-5.2.13.Final.jar;C:\Users\UTENTE9\.m2\repository\org\jboss\logging\jboss-logging\3.3.1.Final\jboss-logging-3.3.1.Final.jar;C:\Users\UTENTE9\.m2\repository\org\hibernate\javax\persistence\hibernate-jpa-2.1-api\1.0.0.Final\hibernate-jpa-2.1-api-1.0.0.Final.jar;C:\Users\UTENTE9\.m2\repository\org\javassist\javassist\3.22.0-GA\javassist-3.22.0-GA.jar;C:\Users\UTENTE9\.m2\repository\antlr\antlr\2.7.7\antlr-2.7.7.jar;C:\Users\UTENTE9\.m2\repository\org\jboss\spec\javax\transaction\jboss-transaction-api_1.2_spec\1.0.1.Final\jboss-transaction-api_1.2_spec-1.0.1.Final.jar;C:\Users\UTENTE9\.m2\repository\org\jboss\jandex\2.0.3.Final\jandex-2.0.3.Final.jar;C:\Users\UTENTE9\.m2\repository\com\fasterxml\classmate\1.3.0\classmate-1.3.0.jar;C:\Users\UTENTE9\.m2\repository\dom4j\dom4j\1.6.1\dom4j-1.6.1.jar;C:\Users\UTENTE9\.m2\repository\org\hibernate\common\hibernate-commons-annotations\5.0.1.Final\hibernate-commons-annotations-5.0.1.Final.jar;, sun.cpu.endian=little, hibernate.c3p0.max_statements=50, user.home=C:\Users\UTENTE9, user.language=it, java.specification.vendor=Oracle Corporation, java.home=C:\Program Files\Java\jdk1.8.0_151\jre, basedir=C:\Users\UTENTE9\Desktop\corso_java\corso_java\workspace\UserManagementPersistence, file.separator=\, line.separator=
, hibernate.c3p0.timeout=1800, java.vm.specification.vendor=Oracle Corporation, java.specification.name=Java Platform API Specification, java.awt.graphicsenv=sun.awt.Win32GraphicsEnvironment, surefire.real.class.path=C:\Users\UTENTE9\Desktop\corso_java\corso_java\workspace\UserManagementPersistence\target\surefire\surefirebooter3062974234158620988.jar, sun.boot.class.path=C:\Program Files\Java\jdk1.8.0_151\jre\lib\resources.jar;C:\Program Files\Java\jdk1.8.0_151\jre\lib\rt.jar;C:\Program Files\Java\jdk1.8.0_151\jre\lib\sunrsasign.jar;C:\Program Files\Java\jdk1.8.0_151\jre\lib\jsse.jar;C:\Program Files\Java\jdk1.8.0_151\jre\lib\jce.jar;C:\Program Files\Java\jdk1.8.0_151\jre\lib\charsets.jar;C:\Program Files\Java\jdk1.8.0_151\jre\lib\jfr.jar;C:\Program Files\Java\jdk1.8.0_151\jre\classes, user.script=, sun.management.compiler=HotSpot 64-Bit Tiered Compilers, hibernate.c3p0.max_size=20, java.runtime.version=1.8.0_151-b12, user.name=UTENTE9, path.separator=;, hibernate.connection.username=****, os.version=10.0, java.endorsed.dirs=C:\Program Files\Java\jdk1.8.0_151\jre\lib\endorsed, java.runtime.name=Java(TM) SE Runtime Environment, hibernate.connection.url=jdbc:mysql://localhost:3306/testDB, file.encoding=Cp1252, java.vm.name=Java HotSpot(TM) 64-Bit Server VM, localRepository=C:\Users\UTENTE9\.m2\repository, hibernate.connection.driver_class=com.mysql.jdbc.Driver, java.vendor.url.bug=http://bugreport.sun.com/bugreport/, java.io.tmpdir=C:\Users\UTENTE9\AppData\Local\Temp\, java.version=1.8.0_151, user.dir=C:\Users\UTENTE9\Desktop\corso_java\corso_java\workspace\UserManagementPersistence, os.arch=amd64, java.vm.specification.name=Java Virtual Machine Specification, hibernate.connection.password=****, java.awt.printerjob=sun.awt.windows.WPrinterJob, sun.os.patch.level=, hibernate.boot.CfgXmlAccessService.key=org.hibernate.boot.cfgxml.spi.LoadedConfig@45a37759, java.library.path=C:\Program Files\Java\jdk1.8.0_151\jre\bin;C:\Windows\Sun\Java\bin;C:\Windows\system32;C:\Windows;C:/Program Files/Java/jdk1.8.0_151/bin/../jre/bin/server;C:/Program Files/Java/jdk1.8.0_151/bin/../jre/bin;C:/Program Files/Java/jdk1.8.0_151/bin/../jre/lib/amd64;C:\Program Files (x86)\Intel\iCLS Client\;C:\Program Files\Intel\iCLS Client\;C:\Windows\system32;C:\Windows;C:\Windows\System32\Wbem;C:\Windows\System32\WindowsPowerShell\v1.0\;C:\Program Files\Intel\WiFi\bin\;C:\Program Files\Common Files\Intel\WirelessCommon\;C:\Program Files (x86)\Intel\Intel(R) Management Engine Components\DAL;C:\Program Files\Intel\Intel(R) Management Engine Components\DAL;C:\Program Files (x86)\Intel\Intel(R) Management Engine Components\IPT;C:\Program Files\Intel\Intel(R) Management Engine Components\IPT;C:\Program Files\Java\jdk1.8.0_151\bin;C:\Program Files\Java\jdk1.8.0_151\jre\bin;C:\Program Files\Git\cmd;C:\Program Files\PuTTY\;C:\Users\UTENTE9\AppData\Local\Microsoft\WindowsApps;;C:\Program Files\eclipse;;., java.vm.info=mixed mode, java.vendor=Oracle Corporation, java.vm.version=25.151-b12, hibernate.bytecode.use_reflection_optimizer=false, java.ext.dirs=C:\Program Files\Java\jdk1.8.0_151\jre\lib\ext;C:\Windows\Sun\Java\lib\ext, sun.io.unicode.encoding=UnicodeLittle, java.class.version=52.0}
2018-02-22 10:54:06 DEBUG JaccIntegrator:80 - Skipping JACC integration as it was not enabled
2018-02-22 10:54:06 DEBUG SessionFactoryImpl:297 - Instantiated session factory
2018-02-22 10:54:06 DEBUG ClassLoaderAccessImpl:55 - Not known whether passed class name [org.entities.User] is safe
2018-02-22 10:54:06 DEBUG ClassLoaderAccessImpl:57 - No temp ClassLoader provided; using live ClassLoader for loading potentially unsafe class : org.entities.User
2018-02-22 10:54:06 DEBUG ClassLoaderAccessImpl:55 - Not known whether passed class name [org.entities.User] is safe
2018-02-22 10:54:06 DEBUG ClassLoaderAccessImpl:57 - No temp ClassLoader provided; using live ClassLoader for loading potentially unsafe class : org.entities.User
2018-02-22 10:54:06 DEBUG AbstractEntityPersister:3608 - Static SQL for entity: org.entities.User
2018-02-22 10:54:06 DEBUG AbstractEntityPersister:3613 -  Version select: select id from users where id =?
2018-02-22 10:54:06 DEBUG AbstractEntityPersister:3616 -  Snapshot select: select user_.id, user_.dateOfBirth as dateOfBi2_0_, user_.email as email3_0_, user_.firstname as firstnam4_0_, user_.imgpath as imgpath5_0_, user_.lastname as lastname6_0_, user_.password as password7_0_, user_.regdate as regdate8_0_, user_.role as role9_0_ from users user_ where user_.id=?
2018-02-22 10:54:06 DEBUG AbstractEntityPersister:394 -  Insert 0: insert into users (dateOfBirth, email, firstname, imgpath, lastname, password, regdate, role, id) values (?, ?, ?, ?, ?, ?, ?, ?, ?)
2018-02-22 10:54:06 DEBUG AbstractEntityPersister:394 -  Update 0: update users set dateOfBirth=?, email=?, firstname=?, imgpath=?, lastname=?, password=?, regdate=?, role=? where id=?
2018-02-22 10:54:06 DEBUG AbstractEntityPersister:394 -  Delete 0: delete from users where id=?
2018-02-22 10:54:06 DEBUG QuerySpacesImpl:174 - Adding QuerySpace : uid = &lt;gen:0&gt; -&gt; org.hibernate.loader.plan.build.internal.spaces.EntityQuerySpaceImpl@3700ec9c]
2018-02-22 10:54:06 DEBUG MetamodelGraphWalker:137 - Visiting attribute path : dateOfBirth
2018-02-22 10:54:06 DEBUG MetamodelGraphWalker:137 - Visiting attribute path : email
2018-02-22 10:54:06 DEBUG MetamodelGraphWalker:137 - Visiting attribute path : firstname
2018-02-22 10:54:06 DEBUG MetamodelGraphWalker:137 - Visiting attribute path : imgpath
2018-02-22 10:54:06 DEBUG MetamodelGraphWalker:137 - Visiting attribute path : lastname
2018-02-22 10:54:06 DEBUG MetamodelGraphWalker:137 - Visiting attribute path : password
2018-02-22 10:54:06 DEBUG MetamodelGraphWalker:137 - Visiting attribute path : regdate
2018-02-22 10:54:06 DEBUG MetamodelGraphWalker:137 - Visiting attribute path : role
2018-02-22 10:54:06 DEBUG FetchStyleLoadPlanBuildingAssociationVisitationStrategy:150 - Building LoadPlan...
2018-02-22 10:54:06 DEBUG LoadQueryJoinAndFetchProcessor:101 - processing queryspace &lt;gen:0&gt;
2018-02-22 10:54:06 DEBUG LoadPlanTreePrinter:55 - LoadPlan(entity=org.entities.User)
    - Returns
       - EntityReturnImpl(entity=org.entities.User, querySpaceUid=&lt;gen:0&gt;, path=org.entities.User)
    - QuerySpaces
       - EntityQuerySpaceImpl(uid=&lt;gen:0&gt;, entity=org.entities.User)
          - SQL table alias mapping - user0_
          - alias suffix - 0_
          - suffixed key columns - {id1_0_0_}

2018-02-22 10:54:06 DEBUG EntityLoader:115 - Static select for entity org.entities.User [NONE]: select user0_.id as id1_0_0_, user0_.dateOfBirth as dateOfBi2_0_0_, user0_.email as email3_0_0_, user0_.firstname as firstnam4_0_0_, user0_.imgpath as imgpath5_0_0_, user0_.lastname as lastname6_0_0_, user0_.password as password7_0_0_, user0_.regdate as regdate8_0_0_, user0_.role as role9_0_0_ from users user0_ where user0_.id=?
2018-02-22 10:54:06 DEBUG QuerySpacesImpl:174 - Adding QuerySpace : uid = &lt;gen:0&gt; -&gt; org.hibernate.loader.plan.build.internal.spaces.EntityQuerySpaceImpl@fcb4004]
2018-02-22 10:54:06 DEBUG MetamodelGraphWalker:137 - Visiting attribute path : dateOfBirth
2018-02-22 10:54:06 DEBUG MetamodelGraphWalker:137 - Visiting attribute path : email
2018-02-22 10:54:06 DEBUG MetamodelGraphWalker:137 - Visiting attribute path : firstname
2018-02-22 10:54:06 DEBUG MetamodelGraphWalker:137 - Visiting attribute path : imgpath
2018-02-22 10:54:06 DEBUG MetamodelGraphWalker:137 - Visiting attribute path : lastname
2018-02-22 10:54:06 DEBUG MetamodelGraphWalker:137 - Visiting attribute path : password
2018-02-22 10:54:06 DEBUG MetamodelGraphWalker:137 - Visiting attribute path : regdate
2018-02-22 10:54:06 DEBUG MetamodelGraphWalker:137 - Visiting attribute path : role
2018-02-22 10:54:06 DEBUG FetchStyleLoadPlanBuildingAssociationVisitationStrategy:150 - Building LoadPlan...
2018-02-22 10:54:06 DEBUG LoadQueryJoinAndFetchProcessor:101 - processing queryspace &lt;gen:0&gt;
2018-02-22 10:54:06 DEBUG LoadPlanTreePrinter:55 - LoadPlan(entity=org.entities.User)
    - Returns
       - EntityReturnImpl(entity=org.entities.User, querySpaceUid=&lt;gen:0&gt;, path=org.entities.User)
    - QuerySpaces
       - EntityQuerySpaceImpl(uid=&lt;gen:0&gt;, entity=org.entities.User)
          - SQL table alias mapping - user0_
          - alias suffix - 0_
          - suffixed key columns - {id1_0_0_}

2018-02-22 10:54:06 DEBUG EntityLoader:115 - Static select for entity org.entities.User [READ]: select user0_.id as id1_0_0_, user0_.dateOfBirth as dateOfBi2_0_0_, user0_.email as email3_0_0_, user0_.firstname as firstnam4_0_0_, user0_.imgpath as imgpath5_0_0_, user0_.lastname as lastname6_0_0_, user0_.password as password7_0_0_, user0_.regdate as regdate8_0_0_, user0_.role as role9_0_0_ from users user0_ where user0_.id=?
2018-02-22 10:54:06 DEBUG QuerySpacesImpl:174 - Adding QuerySpace : uid = &lt;gen:0&gt; -&gt; org.hibernate.loader.plan.build.internal.spaces.EntityQuerySpaceImpl@56e8b606]
2018-02-22 10:54:06 DEBUG MetamodelGraphWalker:137 - Visiting attribute path : dateOfBirth
2018-02-22 10:54:06 DEBUG MetamodelGraphWalker:137 - Visiting attribute path : email
2018-02-22 10:54:06 DEBUG MetamodelGraphWalker:137 - Visiting attribute path : firstname
2018-02-22 10:54:06 DEBUG MetamodelGraphWalker:137 - Visiting attribute path : imgpath
2018-02-22 10:54:06 DEBUG MetamodelGraphWalker:137 - Visiting attribute path : lastname
2018-02-22 10:54:06 DEBUG MetamodelGraphWalker:137 - Visiting attribute path : password
2018-02-22 10:54:06 DEBUG MetamodelGraphWalker:137 - Visiting attribute path : regdate
2018-02-22 10:54:06 DEBUG MetamodelGraphWalker:137 - Visiting attribute path : role
2018-02-22 10:54:06 DEBUG FetchStyleLoadPlanBuildingAssociationVisitationStrategy:150 - Building LoadPlan...
2018-02-22 10:54:06 DEBUG LoadQueryJoinAndFetchProcessor:101 - processing queryspace &lt;gen:0&gt;
2018-02-22 10:54:06 DEBUG LoadPlanTreePrinter:55 - LoadPlan(entity=org.entities.User)
    - Returns
       - EntityReturnImpl(entity=org.entities.User, querySpaceUid=&lt;gen:0&gt;, path=org.entities.User)
    - QuerySpaces
       - EntityQuerySpaceImpl(uid=&lt;gen:0&gt;, entity=org.entities.User)
          - SQL table alias mapping - user0_
          - alias suffix - 0_
          - suffixed key columns - {id1_0_0_}

2018-02-22 10:54:06 DEBUG EntityLoader:115 - Static select for entity org.entities.User [UPGRADE]: select user0_.id as id1_0_0_, user0_.dateOfBirth as dateOfBi2_0_0_, user0_.email as email3_0_0_, user0_.firstname as firstnam4_0_0_, user0_.imgpath as imgpath5_0_0_, user0_.lastname as lastname6_0_0_, user0_.password as password7_0_0_, user0_.regdate as regdate8_0_0_, user0_.role as role9_0_0_ from users user0_ where user0_.id=? for update
2018-02-22 10:54:06 DEBUG QuerySpacesImpl:174 - Adding QuerySpace : uid = &lt;gen:0&gt; -&gt; org.hibernate.loader.plan.build.internal.spaces.EntityQuerySpaceImpl@784c3487]
2018-02-22 10:54:06 DEBUG MetamodelGraphWalker:137 - Visiting attribute path : dateOfBirth
2018-02-22 10:54:06 DEBUG MetamodelGraphWalker:137 - Visiting attribute path : email
2018-02-22 10:54:06 DEBUG MetamodelGraphWalker:137 - Visiting attribute path : firstname
2018-02-22 10:54:06 DEBUG MetamodelGraphWalker:137 - Visiting attribute path : imgpath
2018-02-22 10:54:06 DEBUG MetamodelGraphWalker:137 - Visiting attribute path : lastname
2018-02-22 10:54:06 DEBUG MetamodelGraphWalker:137 - Visiting attribute path : password
2018-02-22 10:54:06 DEBUG MetamodelGraphWalker:137 - Visiting attribute path : regdate
2018-02-22 10:54:06 DEBUG MetamodelGraphWalker:137 - Visiting attribute path : role
2018-02-22 10:54:06 DEBUG FetchStyleLoadPlanBuildingAssociationVisitationStrategy:150 - Building LoadPlan...
2018-02-22 10:54:06 DEBUG LoadQueryJoinAndFetchProcessor:101 - processing queryspace &lt;gen:0&gt;
2018-02-22 10:54:06 DEBUG LoadPlanTreePrinter:55 - LoadPlan(entity=org.entities.User)
    - Returns
       - EntityReturnImpl(entity=org.entities.User, querySpaceUid=&lt;gen:0&gt;, path=org.entities.User)
    - QuerySpaces
       - EntityQuerySpaceImpl(uid=&lt;gen:0&gt;, entity=org.entities.User)
          - SQL table alias mapping - user0_
          - alias suffix - 0_
          - suffixed key columns - {id1_0_0_}

2018-02-22 10:54:06 DEBUG EntityLoader:115 - Static select for entity org.entities.User [UPGRADE_NOWAIT]: select user0_.id as id1_0_0_, user0_.dateOfBirth as dateOfBi2_0_0_, user0_.email as email3_0_0_, user0_.firstname as firstnam4_0_0_, user0_.imgpath as imgpath5_0_0_, user0_.lastname as lastname6_0_0_, user0_.password as password7_0_0_, user0_.regdate as regdate8_0_0_, user0_.role as role9_0_0_ from users user0_ where user0_.id=? for update
2018-02-22 10:54:06 DEBUG QuerySpacesImpl:174 - Adding QuerySpace : uid = &lt;gen:0&gt; -&gt; org.hibernate.loader.plan.build.internal.spaces.EntityQuerySpaceImpl@40dff0b7]
2018-02-22 10:54:06 DEBUG MetamodelGraphWalker:137 - Visiting attribute path : dateOfBirth
2018-02-22 10:54:06 DEBUG MetamodelGraphWalker:137 - Visiting attribute path : email
2018-02-22 10:54:06 DEBUG MetamodelGraphWalker:137 - Visiting attribute path : firstname
2018-02-22 10:54:06 DEBUG MetamodelGraphWalker:137 - Visiting attribute path : imgpath
2018-02-22 10:54:06 DEBUG MetamodelGraphWalker:137 - Visiting attribute path : lastname
2018-02-22 10:54:06 DEBUG MetamodelGraphWalker:137 - Visiting attribute path : password
2018-02-22 10:54:06 DEBUG MetamodelGraphWalker:137 - Visiting attribute path : regdate
2018-02-22 10:54:06 DEBUG MetamodelGraphWalker:137 - Visiting attribute path : role
2018-02-22 10:54:06 DEBUG FetchStyleLoadPlanBuildingAssociationVisitationStrategy:150 - Building LoadPlan...
2018-02-22 10:54:06 DEBUG LoadQueryJoinAndFetchProcessor:101 - processing queryspace &lt;gen:0&gt;
2018-02-22 10:54:06 DEBUG LoadPlanTreePrinter:55 - LoadPlan(entity=org.entities.User)
    - Returns
       - EntityReturnImpl(entity=org.entities.User, querySpaceUid=&lt;gen:0&gt;, path=org.entities.User)
    - QuerySpaces
       - EntityQuerySpaceImpl(uid=&lt;gen:0&gt;, entity=org.entities.User)
          - SQL table alias mapping - user0_
          - alias suffix - 0_
          - suffixed key columns - {id1_0_0_}

2018-02-22 10:54:06 DEBUG EntityLoader:115 - Static select for entity org.entities.User [UPGRADE_SKIPLOCKED]: select user0_.id as id1_0_0_, user0_.dateOfBirth as dateOfBi2_0_0_, user0_.email as email3_0_0_, user0_.firstname as firstnam4_0_0_, user0_.imgpath as imgpath5_0_0_, user0_.lastname as lastname6_0_0_, user0_.password as password7_0_0_, user0_.regdate as regdate8_0_0_, user0_.role as role9_0_0_ from users user0_ where user0_.id=? for update
2018-02-22 10:54:06 DEBUG QuerySpacesImpl:174 - Adding QuerySpace : uid = &lt;gen:0&gt; -&gt; org.hibernate.loader.plan.build.internal.spaces.EntityQuerySpaceImpl@60975100]
2018-02-22 10:54:06 DEBUG MetamodelGraphWalker:137 - Visiting attribute path : dateOfBirth
2018-02-22 10:54:06 DEBUG MetamodelGraphWalker:137 - Visiting attribute path : email
2018-02-22 10:54:06 DEBUG MetamodelGraphWalker:137 - Visiting attribute path : firstname
2018-02-22 10:54:06 DEBUG MetamodelGraphWalker:137 - Visiting attribute path : imgpath
2018-02-22 10:54:06 DEBUG MetamodelGraphWalker:137 - Visiting attribute path : lastname
2018-02-22 10:54:06 DEBUG MetamodelGraphWalker:137 - Visiting attribute path : password
2018-02-22 10:54:06 DEBUG MetamodelGraphWalker:137 - Visiting attribute path : regdate
2018-02-22 10:54:06 DEBUG MetamodelGraphWalker:137 - Visiting attribute path : role
2018-02-22 10:54:06 DEBUG FetchStyleLoadPlanBuildingAssociationVisitationStrategy:150 - Building LoadPlan...
2018-02-22 10:54:06 DEBUG LoadQueryJoinAndFetchProcessor:101 - processing queryspace &lt;gen:0&gt;
2018-02-22 10:54:06 DEBUG LoadPlanTreePrinter:55 - LoadPlan(entity=org.entities.User)
    - Returns
       - EntityReturnImpl(entity=org.entities.User, querySpaceUid=&lt;gen:0&gt;, path=org.entities.User)
    - QuerySpaces
       - EntityQuerySpaceImpl(uid=&lt;gen:0&gt;, entity=org.entities.User)
          - SQL table alias mapping - user0_
          - alias suffix - 0_
          - suffixed key columns - {id1_0_0_}

2018-02-22 10:54:06 DEBUG EntityLoader:115 - Static select for entity org.entities.User [FORCE]: select user0_.id as id1_0_0_, user0_.dateOfBirth as dateOfBi2_0_0_, user0_.email as email3_0_0_, user0_.firstname as firstnam4_0_0_, user0_.imgpath as imgpath5_0_0_, user0_.lastname as lastname6_0_0_, user0_.password as password7_0_0_, user0_.regdate as regdate8_0_0_, user0_.role as role9_0_0_ from users user0_ where user0_.id=? for update
2018-02-22 10:54:06 DEBUG QuerySpacesImpl:174 - Adding QuerySpace : uid = &lt;gen:0&gt; -&gt; org.hibernate.loader.plan.build.internal.spaces.EntityQuerySpaceImpl@2d36e77e]
2018-02-22 10:54:06 DEBUG MetamodelGraphWalker:137 - Visiting attribute path : dateOfBirth
2018-02-22 10:54:06 DEBUG MetamodelGraphWalker:137 - Visiting attribute path : email
2018-02-22 10:54:06 DEBUG MetamodelGraphWalker:137 - Visiting attribute path : firstname
2018-02-22 10:54:06 DEBUG MetamodelGraphWalker:137 - Visiting attribute path : imgpath
2018-02-22 10:54:06 DEBUG MetamodelGraphWalker:137 - Visiting attribute path : lastname
2018-02-22 10:54:06 DEBUG MetamodelGraphWalker:137 - Visiting attribute path : password
2018-02-22 10:54:06 DEBUG MetamodelGraphWalker:137 - Visiting attribute path : regdate
2018-02-22 10:54:06 DEBUG MetamodelGraphWalker:137 - Visiting attribute path : role
2018-02-22 10:54:06 DEBUG FetchStyleLoadPlanBuildingAssociationVisitationStrategy:150 - Building LoadPlan...
2018-02-22 10:54:06 DEBUG LoadQueryJoinAndFetchProcessor:101 - processing queryspace &lt;gen:0&gt;
2018-02-22 10:54:06 DEBUG LoadPlanTreePrinter:55 - LoadPlan(entity=org.entities.User)
    - Returns
       - EntityReturnImpl(entity=org.entities.User, querySpaceUid=&lt;gen:0&gt;, path=org.entities.User)
    - QuerySpaces
       - EntityQuerySpaceImpl(uid=&lt;gen:0&gt;, entity=org.entities.User)
          - SQL table alias mapping - user0_
          - alias suffix - 0_
          - suffixed key columns - {id1_0_0_}

2018-02-22 10:54:06 DEBUG EntityLoader:115 - Static select for entity org.entities.User [PESSIMISTIC_READ]: select user0_.id as id1_0_0_, user0_.dateOfBirth as dateOfBi2_0_0_, user0_.email as email3_0_0_, user0_.firstname as firstnam4_0_0_, user0_.imgpath as imgpath5_0_0_, user0_.lastname as lastname6_0_0_, user0_.password as password7_0_0_, user0_.regdate as regdate8_0_0_, user0_.role as role9_0_0_ from users user0_ where user0_.id=? lock in share mode
2018-02-22 10:54:06 DEBUG QuerySpacesImpl:174 - Adding QuerySpace : uid = &lt;gen:0&gt; -&gt; org.hibernate.loader.plan.build.internal.spaces.EntityQuerySpaceImpl@3b0c9195]
2018-02-22 10:54:06 DEBUG MetamodelGraphWalker:137 - Visiting attribute path : dateOfBirth
2018-02-22 10:54:06 DEBUG MetamodelGraphWalker:137 - Visiting attribute path : email
2018-02-22 10:54:06 DEBUG MetamodelGraphWalker:137 - Visiting attribute path : firstname
2018-02-22 10:54:06 DEBUG MetamodelGraphWalker:137 - Visiting attribute path : imgpath
2018-02-22 10:54:06 DEBUG MetamodelGraphWalker:137 - Visiting attribute path : lastname
2018-02-22 10:54:06 DEBUG MetamodelGraphWalker:137 - Visiting attribute path : password
2018-02-22 10:54:06 DEBUG MetamodelGraphWalker:137 - Visiting attribute path : regdate
2018-02-22 10:54:06 DEBUG MetamodelGraphWalker:137 - Visiting attribute path : role
2018-02-22 10:54:06 DEBUG FetchStyleLoadPlanBuildingAssociationVisitationStrategy:150 - Building LoadPlan...
2018-02-22 10:54:06 DEBUG LoadQueryJoinAndFetchProcessor:101 - processing queryspace &lt;gen:0&gt;
2018-02-22 10:54:06 DEBUG LoadPlanTreePrinter:55 - LoadPlan(entity=org.entities.User)
    - Returns
       - EntityReturnImpl(entity=org.entities.User, querySpaceUid=&lt;gen:0&gt;, path=org.entities.User)
    - QuerySpaces
       - EntityQuerySpaceImpl(uid=&lt;gen:0&gt;, entity=org.entities.User)
          - SQL table alias mapping - user0_
          - alias suffix - 0_
          - suffixed key columns - {id1_0_0_}

2018-02-22 10:54:06 DEBUG EntityLoader:115 - Static select for entity org.entities.User [PESSIMISTIC_WRITE]: select user0_.id as id1_0_0_, user0_.dateOfBirth as dateOfBi2_0_0_, user0_.email as email3_0_0_, user0_.firstname as firstnam4_0_0_, user0_.imgpath as imgpath5_0_0_, user0_.lastname as lastname6_0_0_, user0_.password as password7_0_0_, user0_.regdate as regdate8_0_0_, user0_.role as role9_0_0_ from users user0_ where user0_.id=? for update
2018-02-22 10:54:06 DEBUG QuerySpacesImpl:174 - Adding QuerySpace : uid = &lt;gen:0&gt; -&gt; org.hibernate.loader.plan.build.internal.spaces.EntityQuerySpaceImpl@2c7b5824]
2018-02-22 10:54:06 DEBUG MetamodelGraphWalker:137 - Visiting attribute path : dateOfBirth
2018-02-22 10:54:06 DEBUG MetamodelGraphWalker:137 - Visiting attribute path : email
2018-02-22 10:54:06 DEBUG MetamodelGraphWalker:137 - Visiting attribute path : firstname
2018-02-22 10:54:06 DEBUG MetamodelGraphWalker:137 - Visiting attribute path : imgpath
2018-02-22 10:54:06 DEBUG MetamodelGraphWalker:137 - Visiting attribute path : lastname
2018-02-22 10:54:06 DEBUG MetamodelGraphWalker:137 - Visiting attribute path : password
2018-02-22 10:54:06 DEBUG MetamodelGraphWalker:137 - Visiting attribute path : regdate
2018-02-22 10:54:06 DEBUG MetamodelGraphWalker:137 - Visiting attribute path : role
2018-02-22 10:54:06 DEBUG FetchStyleLoadPlanBuildingAssociationVisitationStrategy:150 - Building LoadPlan...
2018-02-22 10:54:06 DEBUG LoadQueryJoinAndFetchProcessor:101 - processing queryspace &lt;gen:0&gt;
2018-02-22 10:54:06 DEBUG LoadPlanTreePrinter:55 - LoadPlan(entity=org.entities.User)
    - Returns
       - EntityReturnImpl(entity=org.entities.User, querySpaceUid=&lt;gen:0&gt;, path=org.entities.User)
    - QuerySpaces
       - EntityQuerySpaceImpl(uid=&lt;gen:0&gt;, entity=org.entities.User)
          - SQL table alias mapping - user0_
          - alias suffix - 0_
          - suffixed key columns - {id1_0_0_}

2018-02-22 10:54:06 DEBUG EntityLoader:115 - Static select for entity org.entities.User [PESSIMISTIC_FORCE_INCREMENT]: select user0_.id as id1_0_0_, user0_.dateOfBirth as dateOfBi2_0_0_, user0_.email as email3_0_0_, user0_.firstname as firstnam4_0_0_, user0_.imgpath as imgpath5_0_0_, user0_.lastname as lastname6_0_0_, user0_.password as password7_0_0_, user0_.regdate as regdate8_0_0_, user0_.role as role9_0_0_ from users user0_ where user0_.id=? for update
2018-02-22 10:54:06 DEBUG QuerySpacesImpl:174 - Adding QuerySpace : uid = &lt;gen:0&gt; -&gt; org.hibernate.loader.plan.build.internal.spaces.EntityQuerySpaceImpl@5cdd09b1]
2018-02-22 10:54:06 DEBUG MetamodelGraphWalker:137 - Visiting attribute path : dateOfBirth
2018-02-22 10:54:06 DEBUG MetamodelGraphWalker:137 - Visiting attribute path : email
2018-02-22 10:54:06 DEBUG MetamodelGraphWalker:137 - Visiting attribute path : firstname
2018-02-22 10:54:06 DEBUG MetamodelGraphWalker:137 - Visiting attribute path : imgpath
2018-02-22 10:54:06 DEBUG MetamodelGraphWalker:137 - Visiting attribute path : lastname
2018-02-22 10:54:06 DEBUG MetamodelGraphWalker:137 - Visiting attribute path : password
2018-02-22 10:54:06 DEBUG MetamodelGraphWalker:137 - Visiting attribute path : regdate
2018-02-22 10:54:06 DEBUG MetamodelGraphWalker:137 - Visiting attribute path : role
2018-02-22 10:54:06 DEBUG FetchStyleLoadPlanBuildingAssociationVisitationStrategy:150 - Building LoadPlan...
2018-02-22 10:54:06 DEBUG LoadQueryJoinAndFetchProcessor:101 - processing queryspace &lt;gen:0&gt;
2018-02-22 10:54:06 DEBUG LoadPlanTreePrinter:55 - LoadPlan(entity=org.entities.User)
    - Returns
       - EntityReturnImpl(entity=org.entities.User, querySpaceUid=&lt;gen:0&gt;, path=org.entities.User)
    - QuerySpaces
       - EntityQuerySpaceImpl(uid=&lt;gen:0&gt;, entity=org.entities.User)
          - SQL table alias mapping - user0_
          - alias suffix - 0_
          - suffixed key columns - {id1_0_0_}

2018-02-22 10:54:06 DEBUG EntityLoader:115 - Static select for entity org.entities.User [OPTIMISTIC]: select user0_.id as id1_0_0_, user0_.dateOfBirth as dateOfBi2_0_0_, user0_.email as email3_0_0_, user0_.firstname as firstnam4_0_0_, user0_.imgpath as imgpath5_0_0_, user0_.lastname as lastname6_0_0_, user0_.password as password7_0_0_, user0_.regdate as regdate8_0_0_, user0_.role as role9_0_0_ from users user0_ where user0_.id=?
2018-02-22 10:54:06 DEBUG QuerySpacesImpl:174 - Adding QuerySpace : uid = &lt;gen:0&gt; -&gt; org.hibernate.loader.plan.build.internal.spaces.EntityQuerySpaceImpl@7e8dcdaa]
2018-02-22 10:54:06 DEBUG MetamodelGraphWalker:137 - Visiting attribute path : dateOfBirth
2018-02-22 10:54:06 DEBUG MetamodelGraphWalker:137 - Visiting attribute path : email
2018-02-22 10:54:06 DEBUG MetamodelGraphWalker:137 - Visiting attribute path : firstname
2018-02-22 10:54:06 DEBUG MetamodelGraphWalker:137 - Visiting attribute path : imgpath
2018-02-22 10:54:06 DEBUG MetamodelGraphWalker:137 - Visiting attribute path : lastname
2018-02-22 10:54:06 DEBUG MetamodelGraphWalker:137 - Visiting attribute path : password
2018-02-22 10:54:06 DEBUG MetamodelGraphWalker:137 - Visiting attribute path : regdate
2018-02-22 10:54:06 DEBUG MetamodelGraphWalker:137 - Visiting attribute path : role
2018-02-22 10:54:06 DEBUG FetchStyleLoadPlanBuildingAssociationVisitationStrategy:150 - Building LoadPlan...
2018-02-22 10:54:06 DEBUG LoadQueryJoinAndFetchProcessor:101 - processing queryspace &lt;gen:0&gt;
2018-02-22 10:54:06 DEBUG LoadPlanTreePrinter:55 - LoadPlan(entity=org.entities.User)
    - Returns
       - EntityReturnImpl(entity=org.entities.User, querySpaceUid=&lt;gen:0&gt;, path=org.entities.User)
    - QuerySpaces
       - EntityQuerySpaceImpl(uid=&lt;gen:0&gt;, entity=org.entities.User)
          - SQL table alias mapping - user0_
          - alias suffix - 0_
          - suffixed key columns - {id1_0_0_}

2018-02-22 10:54:06 DEBUG EntityLoader:115 - Static select for entity org.entities.User [OPTIMISTIC_FORCE_INCREMENT]: select user0_.id as id1_0_0_, user0_.dateOfBirth as dateOfBi2_0_0_, user0_.email as email3_0_0_, user0_.firstname as firstnam4_0_0_, user0_.imgpath as imgpath5_0_0_, user0_.lastname as lastname6_0_0_, user0_.password as password7_0_0_, user0_.regdate as regdate8_0_0_, user0_.role as role9_0_0_ from users user0_ where user0_.id=?
2018-02-22 10:54:06 DEBUG Loader:38 - Static select for action ACTION_MERGE on entity org.entities.User: select user0_.id as id1_0_0_, user0_.dateOfBirth as dateOfBi2_0_0_, user0_.email as email3_0_0_, user0_.firstname as firstnam4_0_0_, user0_.imgpath as imgpath5_0_0_, user0_.lastname as lastname6_0_0_, user0_.password as password7_0_0_, user0_.regdate as regdate8_0_0_, user0_.role as role9_0_0_ from users user0_ where user0_.id=?
2018-02-22 10:54:06 DEBUG Loader:38 - Static select for action ACTION_REFRESH on entity org.entities.User: select user0_.id as id1_0_0_, user0_.dateOfBirth as dateOfBi2_0_0_, user0_.email as email3_0_0_, user0_.firstname as firstnam4_0_0_, user0_.imgpath as imgpath5_0_0_, user0_.lastname as lastname6_0_0_, user0_.password as password7_0_0_, user0_.regdate as regdate8_0_0_, user0_.role as role9_0_0_ from users user0_ where user0_.id=?
2018-02-22 10:54:06 DEBUG SchemaManagementToolCoordinator:56 - No actions specified; doing nothing
2018-02-22 10:54:06 DEBUG JtaPlatformInitiator:42 - No JtaPlatform was specified, checking resolver
2018-02-22 10:54:06 DEBUG JtaPlatformResolverInitiator:33 - No JtaPlatformResolver was specified, using default [org.hibernate.engine.transaction.jta.platform.internal.StandardJtaPlatformResolver]
2018-02-22 10:54:06 DEBUG StandardJtaPlatformResolver:110 - Could not resolve JtaPlatform, using default [org.hibernate.engine.transaction.jta.platform.internal.NoJtaPlatform]
2018-02-22 10:54:06 DEBUG NamedQueryRepository:151 - Checking 1 named HQL queries
2018-02-22 10:54:06 DEBUG NamedQueryRepository:155 - Checking named query: User.findAll
2018-02-22 10:54:06 DEBUG QueryTranslatorFactoryInitiator:45 - QueryTranslatorFactory : org.hibernate.hql.internal.ast.ASTQueryTranslatorFactory@312ab28e
2018-02-22 10:54:06 INFO  QueryTranslatorFactoryInitiator:47 - HHH000397: Using ASTQueryTranslatorFactory
2018-02-22 10:54:06 DEBUG QueryTranslatorImpl:282 - parse() - HQL: SELECT u FROM org.entities.User u
2018-02-22 10:54:06 DEBUG ErrorCounter:95 - throwQueryException() : no errors
2018-02-22 10:54:06 DEBUG QueryTranslatorImpl:305 - --- HQL AST ---
 \-[QUERY] Node: &apos;query&apos;
    \-[SELECT_FROM] Node: &apos;SELECT_FROM&apos;
       +-[FROM] Node: &apos;FROM&apos;
       |  \-[RANGE] Node: &apos;RANGE&apos;
       |     +-[DOT] Node: &apos;.&apos;
       |     |  +-[DOT] Node: &apos;.&apos;
       |     |  |  +-[IDENT] Node: &apos;org&apos;
       |     |  |  \-[IDENT] Node: &apos;entities&apos;
       |     |  \-[IDENT] Node: &apos;User&apos;
       |     \-[ALIAS] Node: &apos;u&apos;
       \-[SELECT] Node: &apos;SELECT&apos;
          \-[IDENT] Node: &apos;u&apos;

2018-02-22 10:54:06 DEBUG HqlSqlBaseWalker:124 - select &lt;&lt; begin [level=1, statement=select]
2018-02-22 10:54:06 DEBUG FromElement:147 - FromClause{level=1} : org.entities.User (u) -&gt; user0_
2018-02-22 10:54:06 DEBUG FromReferenceNode:60 - Resolved : u -&gt; user0_.id
2018-02-22 10:54:06 DEBUG HqlSqlBaseWalker:128 - select : finishing up [level=1, statement=select]
2018-02-22 10:54:06 DEBUG HqlSqlWalker:747 - processQuery() :  ( SELECT ( {select clause} user0_.id ) ( FromClause{level=1} users user0_ ) )
2018-02-22 10:54:06 DEBUG JoinProcessor:192 - Using FROM fragment [users user0_]
2018-02-22 10:54:06 DEBUG HqlSqlBaseWalker:132 - select &gt;&gt; end [level=1, statement=select]
2018-02-22 10:54:06 DEBUG QueryTranslatorImpl:269 - --- SQL AST ---
 \-[SELECT] QueryNode: &apos;SELECT&apos;  querySpaces (users)
    +-[SELECT_CLAUSE] SelectClause: &apos;{select clause}&apos;
    |  +-[ALIAS_REF] IdentNode: &apos;user0_.id as id1_0_&apos; {alias=u, className=org.entities.User, tableAlias=user0_}
    |  \-[SQL_TOKEN] SqlFragment: &apos;user0_.dateOfBirth as dateOfBi2_0_, user0_.email as email3_0_, user0_.firstname as firstnam4_0_, user0_.imgpath as imgpath5_0_, user0_.lastname as lastname6_0_, user0_.password as password7_0_, user0_.regdate as regdate8_0_, user0_.role as role9_0_&apos;
    \-[FROM] FromClause: &apos;FROM&apos; FromClause{level=1, fromElementCounter=1, fromElements=1, fromElementByClassAlias=[u], fromElementByTableAlias=[user0_], fromElementsByPath=[], collectionJoinFromElementsByPath=[], impliedElements=[]}
       \-[FROM_FRAGMENT] FromElement: &apos;users user0_&apos; FromElement{explicit,not a collection join,not a fetch join,fetch non-lazy properties,classAlias=u,role=null,tableName=users,tableAlias=user0_,origin=null,columns={,className=org.entities.User}}

2018-02-22 10:54:06 DEBUG ErrorCounter:95 - throwQueryException() : no errors
2018-02-22 10:54:06 DEBUG QueryTranslatorImpl:251 - HQL: SELECT u FROM org.entities.User u
2018-02-22 10:54:06 DEBUG QueryTranslatorImpl:252 - SQL: select user0_.id as id1_0_, user0_.dateOfBirth as dateOfBi2_0_, user0_.email as email3_0_, user0_.firstname as firstnam4_0_, user0_.imgpath as imgpath5_0_, user0_.lastname as lastname6_0_, user0_.password as password7_0_, user0_.regdate as regdate8_0_, user0_.role as role9_0_ from users user0_
2018-02-22 10:54:06 DEBUG ErrorCounter:95 - throwQueryException() : no errors
2018-02-22 10:54:06 DEBUG NamedQueryRepository:167 - Checking 0 named SQL queries
2018-02-22 10:54:06 DEBUG SessionFactoryRegistry:52 - Initializing SessionFactoryRegistry : org.hibernate.internal.SessionFactoryRegistry@60f7cc1d
2018-02-22 10:54:06 DEBUG SessionFactoryRegistry:74 - Registering SessionFactory: bb978d2c-a210-40cd-810d-52bcd998c627 (&lt;unnamed&gt;)
2018-02-22 10:54:06 DEBUG SessionFactoryRegistry:81 - Not binding SessionFactory to JNDI, no JNDI name configured
2018-02-22 10:54:06 DEBUG StatisticsInitiator:82 - Statistics initialized [enabled=false]
2018-02-22 10:54:06 DEBUG TransactionImpl:55 - begin
2018-02-22 10:54:06 DEBUG QueryTranslatorImpl:282 - parse() - HQL: from org.entities.User
2018-02-22 10:54:06 DEBUG ErrorCounter:95 - throwQueryException() : no errors
2018-02-22 10:54:06 DEBUG QueryTranslatorImpl:305 - --- HQL AST ---
 \-[QUERY] Node: &apos;query&apos;
    \-[SELECT_FROM] Node: &apos;SELECT_FROM&apos;
       \-[FROM] Node: &apos;from&apos;
          \-[RANGE] Node: &apos;RANGE&apos;
             \-[DOT] Node: &apos;.&apos;
                +-[DOT] Node: &apos;.&apos;
                |  +-[IDENT] Node: &apos;org&apos;
                |  \-[IDENT] Node: &apos;entities&apos;
                \-[IDENT] Node: &apos;User&apos;

2018-02-22 10:54:06 DEBUG HqlSqlBaseWalker:124 - select &lt;&lt; begin [level=1, statement=select]
2018-02-22 10:54:06 DEBUG FromElement:147 - FromClause{level=1} : org.entities.User (&lt;no alias&gt;) -&gt; user0_
2018-02-22 10:54:06 DEBUG HqlSqlBaseWalker:128 - select : finishing up [level=1, statement=select]
2018-02-22 10:54:06 DEBUG HqlSqlWalker:747 - processQuery() :  ( SELECT ( FromClause{level=1} users user0_ ) )
2018-02-22 10:54:06 DEBUG HqlSqlWalker:1023 - Derived SELECT clause created.
2018-02-22 10:54:06 DEBUG JoinProcessor:192 - Using FROM fragment [users user0_]
2018-02-22 10:54:06 DEBUG HqlSqlBaseWalker:132 - select &gt;&gt; end [level=1, statement=select]
2018-02-22 10:54:06 DEBUG QueryTranslatorImpl:269 - --- SQL AST ---
 \-[SELECT] QueryNode: &apos;SELECT&apos;  querySpaces (users)
    +-[SELECT_CLAUSE] SelectClause: &apos;{derived select clause}&apos;
    |  +-[SELECT_EXPR] SelectExpressionImpl: &apos;user0_.id as id1_0_&apos; {FromElement{explicit,not a collection join,not a fetch join,fetch non-lazy properties,classAlias=null,role=null,tableName=users,tableAlias=user0_,origin=null,columns={,className=org.entities.User}}}
    |  \-[SQL_TOKEN] SqlFragment: &apos;user0_.dateOfBirth as dateOfBi2_0_, user0_.email as email3_0_, user0_.firstname as firstnam4_0_, user0_.imgpath as imgpath5_0_, user0_.lastname as lastname6_0_, user0_.password as password7_0_, user0_.regdate as regdate8_0_, user0_.role as role9_0_&apos;
    \-[FROM] FromClause: &apos;from&apos; FromClause{level=1, fromElementCounter=1, fromElements=1, fromElementByClassAlias=[], fromElementByTableAlias=[user0_], fromElementsByPath=[], collectionJoinFromElementsByPath=[], impliedElements=[]}
       \-[FROM_FRAGMENT] FromElement: &apos;users user0_&apos; FromElement{explicit,not a collection join,not a fetch join,fetch non-lazy properties,classAlias=null,role=null,tableName=users,tableAlias=user0_,origin=null,columns={,className=org.entities.User}}

2018-02-22 10:54:06 DEBUG ErrorCounter:95 - throwQueryException() : no errors
2018-02-22 10:54:06 DEBUG QueryTranslatorImpl:251 - HQL: from org.entities.User
2018-02-22 10:54:06 DEBUG QueryTranslatorImpl:252 - SQL: select user0_.id as id1_0_, user0_.dateOfBirth as dateOfBi2_0_, user0_.email as email3_0_, user0_.firstname as firstnam4_0_, user0_.imgpath as imgpath5_0_, user0_.lastname as lastname6_0_, user0_.password as password7_0_, user0_.regdate as regdate8_0_, user0_.role as role9_0_ from users user0_
2018-02-22 10:54:06 DEBUG ErrorCounter:95 - throwQueryException() : no errors
2018-02-22 10:54:06 DEBUG SQL:92 - select user0_.id as id1_0_, user0_.dateOfBirth as dateOfBi2_0_, user0_.email as email3_0_, user0_.firstname as firstnam4_0_, user0_.imgpath as imgpath5_0_, user0_.lastname as lastname6_0_, user0_.password as password7_0_, user0_.regdate as regdate8_0_, user0_.role as role9_0_ from users user0_
2018-02-22 10:54:06 DEBUG TransactionImpl:66 - committing
2018-02-22 10:54:06 DEBUG LogicalConnectionManagedImpl:161 - Initiating JDBC connection release from afterTransaction
2018-02-22 10:54:06 DEBUG LogicalConnectionManagedImpl:161 - Initiating JDBC connection release from afterTransaction
@Test --&gt; size: 0
Executing cleanUsersDB...
2018-02-22 10:54:06 DEBUG TransactionImpl:55 - begin
2018-02-22 10:54:06 DEBUG QueryTranslatorImpl:282 - parse() - HQL: delete from org.entities.User
2018-02-22 10:54:06 DEBUG ErrorCounter:95 - throwQueryException() : no errors
2018-02-22 10:54:06 DEBUG QueryTranslatorImpl:305 - --- HQL AST ---
 \-[DELETE] Node: &apos;delete&apos;
    \-[FROM] Node: &apos;FROM&apos;
       \-[RANGE] Node: &apos;RANGE&apos;
          \-[DOT] Node: &apos;.&apos;
             +-[DOT] Node: &apos;.&apos;
             |  +-[IDENT] Node: &apos;org&apos;
             |  \-[IDENT] Node: &apos;entities&apos;
             \-[IDENT] Node: &apos;User&apos;

2018-02-22 10:54:06 DEBUG HqlSqlBaseWalker:124 - delete &lt;&lt; begin [level=1, statement=delete]
2018-02-22 10:54:06 DEBUG FromElement:147 - FromClause{level=1} : org.entities.User (&lt;no alias&gt;) -&gt; user0_
2018-02-22 10:54:06 DEBUG HqlSqlBaseWalker:128 - delete : finishing up [level=1, statement=delete]
2018-02-22 10:54:06 DEBUG HqlSqlBaseWalker:132 - delete &gt;&gt; end [level=1, statement=delete]
2018-02-22 10:54:06 DEBUG QueryTranslatorImpl:269 - --- SQL AST ---
 \-[DELETE] DeleteStatement: &apos;delete&apos;  querySpaces (users)
    \-[FROM] FromClause: &apos;FROM&apos; FromClause{level=1, fromElementCounter=1, fromElements=1, fromElementByClassAlias=[], fromElementByTableAlias=[user0_], fromElementsByPath=[], collectionJoinFromElementsByPath=[], impliedElements=[]}
       \-[FROM_FRAGMENT] FromElement: &apos;users&apos; FromElement{explicit,not a collection join,not a fetch join,fetch non-lazy properties,classAlias=null,role=null,tableName=users,tableAlias=user0_,origin=null,columns={,className=org.entities.User}}

2018-02-22 10:54:06 DEBUG ErrorCounter:95 - throwQueryException() : no errors
2018-02-22 10:54:06 DEBUG ErrorCounter:95 - throwQueryException() : no errors
2018-02-22 10:54:06 DEBUG SQL:92 - delete from users
2018-02-22 10:54:06 DEBUG TransactionImpl:66 - committing
2018-02-22 10:54:06 DEBUG LogicalConnectionManagedImpl:161 - Initiating JDBC connection release from afterTransaction
2018-02-22 10:54:06 DEBUG LogicalConnectionManagedImpl:161 - Initiating JDBC connection release from afterTransaction
Database cleaned.... deleted rows number: 0
</system-out>
    <system-err>com.mysql.jdbc.exceptions.jdbc4.MySQLIntegrityConstraintViolationException: Duplicate entry &apos;Ernesty&apos; for key &apos;uniqueEmail&apos;
	at sun.reflect.NativeConstructorAccessorImpl.newInstance0(Native Method)
	at sun.reflect.NativeConstructorAccessorImpl.newInstance(NativeConstructorAccessorImpl.java:62)
	at sun.reflect.DelegatingConstructorAccessorImpl.newInstance(DelegatingConstructorAccessorImpl.java:45)
	at java.lang.reflect.Constructor.newInstance(Constructor.java:423)
	at com.mysql.jdbc.Util.handleNewInstance(Util.java:406)
	at com.mysql.jdbc.Util.getInstance(Util.java:381)
	at com.mysql.jdbc.SQLError.createSQLException(SQLError.java:1015)
	at com.mysql.jdbc.SQLError.createSQLException(SQLError.java:956)
	at com.mysql.jdbc.MysqlIO.checkErrorPacket(MysqlIO.java:3491)
	at com.mysql.jdbc.MysqlIO.checkErrorPacket(MysqlIO.java:3423)
	at com.mysql.jdbc.MysqlIO.sendCommand(MysqlIO.java:1936)
	at com.mysql.jdbc.MysqlIO.sqlQueryDirect(MysqlIO.java:2060)
	at com.mysql.jdbc.ConnectionImpl.execSQL(ConnectionImpl.java:2536)
	at com.mysql.jdbc.StatementImpl.executeUpdate(StatementImpl.java:1564)
	at com.mysql.jdbc.StatementImpl.executeUpdate(StatementImpl.java:1485)
	at org.db.UserDBManagerBO.executeInsertStment(UserDBManagerBO.java:93)
	at org.db.UserDBManagerBOSelectAllTest.executeInsertStment(UserDBManagerBOSelectAllTest.java:35)
	at sun.reflect.NativeMethodAccessorImpl.invoke0(Native Method)
	at sun.reflect.NativeMethodAccessorImpl.invoke(NativeMethodAccessorImpl.java:62)
	at sun.reflect.DelegatingMethodAccessorImpl.invoke(DelegatingMethodAccessorImpl.java:43)
	at java.lang.reflect.Method.invoke(Method.java:498)
	at org.junit.runners.model.FrameworkMethod$1.runReflectiveCall(FrameworkMethod.java:50)
	at org.junit.internal.runners.model.ReflectiveCallable.run(ReflectiveCallable.java:12)
	at org.junit.runners.model.FrameworkMethod.invokeExplosively(FrameworkMethod.java:47)
	at org.junit.internal.runners.statements.RunBefores.evaluate(RunBefores.java:24)
	at org.junit.internal.runners.statements.RunAfters.evaluate(RunAfters.java:27)
	at org.junit.runners.ParentRunner.runLeaf(ParentRunner.java:325)
	at org.junit.runners.BlockJUnit4ClassRunner.runChild(BlockJUnit4ClassRunner.java:78)
	at org.junit.runners.BlockJUnit4ClassRunner.runChild(BlockJUnit4ClassRunner.java:57)
	at org.junit.runners.ParentRunner$3.run(ParentRunner.java:290)
	at org.junit.runners.ParentRunner$1.schedule(ParentRunner.java:71)
	at org.junit.runners.ParentRunner.runChildren(ParentRunner.java:288)
	at org.junit.runners.ParentRunner.access$000(ParentRunner.java:58)
	at org.junit.runners.ParentRunner$2.evaluate(ParentRunner.java:268)
	at org.junit.runners.ParentRunner.run(ParentRunner.java:363)
	at org.apache.maven.surefire.junit4.JUnit4Provider.execute(JUnit4Provider.java:252)
	at org.apache.maven.surefire.junit4.JUnit4Provider.executeTestSet(JUnit4Provider.java:141)
	at org.apache.maven.surefire.junit4.JUnit4Provider.invoke(JUnit4Provider.java:112)
	at sun.reflect.NativeMethodAccessorImpl.invoke0(Native Method)
	at sun.reflect.NativeMethodAccessorImpl.invoke(NativeMethodAccessorImpl.java:62)
	at sun.reflect.DelegatingMethodAccessorImpl.invoke(DelegatingMethodAccessorImpl.java:43)
	at java.lang.reflect.Method.invoke(Method.java:498)
	at org.apache.maven.surefire.util.ReflectionUtils.invokeMethodWithArray(ReflectionUtils.java:189)
	at org.apache.maven.surefire.booter.ProviderFactory$ProviderProxy.invoke(ProviderFactory.java:165)
	at org.apache.maven.surefire.booter.ProviderFactory.invokeProvider(ProviderFactory.java:85)
	at org.apache.maven.surefire.booter.ForkedBooter.runSuitesInProcess(ForkedBooter.java:115)
	at org.apache.maven.surefire.booter.ForkedBooter.main(ForkedBooter.java:75)
</system-err>
  </testcase>
</testsuite>