<?xml version="1.0" encoding="UTF-8" ?>
<testsuite tests="5" failures="2" name="org.db.UserDBManagerTest" time="0.963" errors="0" skipped="0">
  <properties>
[...]
</properties>
  <testcase classname="org.db.UserDBManagerTest" name="test3_isEmailOnDB_true" time="0.172">
    <failure type="java.lang.AssertionError">java.lang.AssertionError
	at org.junit.Assert.fail(Assert.java:86)
	at org.junit.Assert.assertTrue(Assert.java:41)
	at org.junit.Assert.assertTrue(Assert.java:52)
	at org.db.UserDBManagerTest.test3_isEmailOnDB_true(UserDBManagerTest.java:50)
	at sun.reflect.NativeMethodAccessorImpl.invoke0(Native Method)
	at sun.reflect.NativeMethodAccessorImpl.invoke(NativeMethodAccessorImpl.java:62)
	at sun.reflect.DelegatingMethodAccessorImpl.invoke(DelegatingMethodAccessorImpl.java:43)
	at java.lang.reflect.Method.invoke(Method.java:498)
	at org.junit.runners.model.FrameworkMethod$1.runReflectiveCall(FrameworkMethod.java:50)
	at org.junit.internal.runners.model.ReflectiveCallable.run(ReflectiveCallable.java:12)
	at org.junit.runners.model.FrameworkMethod.invokeExplosively(FrameworkMethod.java:47)
	at org.junit.internal.runners.statements.InvokeMethod.evaluate(InvokeMethod.java:17)
	at org.junit.internal.runners.statements.RunBefores.evaluate(RunBefores.java:26)
	at org.junit.internal.runners.statements.RunAfters.evaluate(RunAfters.java:27)
	at org.junit.runners.ParentRunner.runLeaf(ParentRunner.java:325)
	at org.junit.runners.BlockJUnit4ClassRunner.runChild(BlockJUnit4ClassRunner.java:78)
	at org.junit.runners.BlockJUnit4ClassRunner.runChild(BlockJUnit4ClassRunner.java:57)
	at org.junit.runners.ParentRunner$3.run(ParentRunner.java:290)
	at org.junit.runners.ParentRunner$1.schedule(ParentRunner.java:71)
	at org.junit.runners.ParentRunner.runChildren(ParentRunner.java:288)
	at org.junit.runners.ParentRunner.access$000(ParentRunner.java:58)
	at org.junit.runners.ParentRunner$2.evaluate(ParentRunner.java:268)
	at org.junit.runners.ParentRunner.run(ParentRunner.java:363)
	at org.apache.maven.surefire.junit4.JUnit4Provider.execute(JUnit4Provider.java:252)
	at org.apache.maven.surefire.junit4.JUnit4Provider.executeTestSet(JUnit4Provider.java:141)
	at org.apache.maven.surefire.junit4.JUnit4Provider.invoke(JUnit4Provider.java:112)
	at sun.reflect.NativeMethodAccessorImpl.invoke0(Native Method)
	at sun.reflect.NativeMethodAccessorImpl.invoke(NativeMethodAccessorImpl.java:62)
	at sun.reflect.DelegatingMethodAccessorImpl.invoke(DelegatingMethodAccessorImpl.java:43)
	at java.lang.reflect.Method.invoke(Method.java:498)
	at org.apache.maven.surefire.util.ReflectionUtils.invokeMethodWithArray(ReflectionUtils.java:189)
	at org.apache.maven.surefire.booter.ProviderFactory$ProviderProxy.invoke(ProviderFactory.java:165)
	at org.apache.maven.surefire.booter.ProviderFactory.invokeProvider(ProviderFactory.java:85)
	at org.apache.maven.surefire.booter.ForkedBooter.runSuitesInProcess(ForkedBooter.java:115)
	at org.apache.maven.surefire.booter.ForkedBooter.main(ForkedBooter.java:75)
</failure>
    <system-out>2018-02-22 10:54:07 DEBUG TransactionImpl:55 - begin
2018-02-22 10:54:07 DEBUG AbstractSaveEventListener:118 - Generated identifier: 0, using strategy: org.hibernate.id.Assigned
2018-02-22 10:54:07 DEBUG TransactionImpl:66 - committing
2018-02-22 10:54:07 DEBUG AbstractFlushingEventListener:132 - Processing flush-time cascades
2018-02-22 10:54:07 DEBUG AbstractFlushingEventListener:174 - Dirty checking collections
2018-02-22 10:54:07 DEBUG AbstractFlushingEventListener:106 - Flushed: 1 insertions, 0 updates, 0 deletions to 1 objects
2018-02-22 10:54:07 DEBUG AbstractFlushingEventListener:113 - Flushed: 0 (re)creations, 0 updates, 0 removals to 0 collections
2018-02-22 10:54:07 DEBUG EntityPrinter:102 - Listing entities:
2018-02-22 10:54:07 DEBUG EntityPrinter:109 - org.entities.User{firstname=daniele, password=password1234, role=10, imgpath=null, regdate=Thu Feb 22 10:54:07 CET 2018, dateOfBirth=Thu Feb 22 10:54:07 CET 2018, id=0, email=prova1@prova.it, lastname=sprizzi}
2018-02-22 10:54:07 DEBUG SQL:92 - insert into users (dateOfBirth, email, firstname, imgpath, lastname, password, regdate, role, id) values (?, ?, ?, ?, ?, ?, ?, ?, ?)
2018-02-22 10:54:07 DEBUG LogicalConnectionManagedImpl:161 - Initiating JDBC connection release from afterTransaction
2018-02-22 10:54:07 DEBUG LogicalConnectionManagedImpl:161 - Initiating JDBC connection release from afterTransaction
2018-02-22 10:54:07 DEBUG JdbcCoordinatorImpl:183 - HHH000420: Closing un-released batch
@Before --&gt; inserted user: org.entities.User@3f23a3a0
#########
TEST IS EMAIL ON DB
#########
email: prova1@prova.it
2018-02-22 10:54:07 INFO  UserDBManager:42 - Connection opened successfully...
res.getRow(); + 0
2018-02-22 10:54:07 INFO  UserDBManager:48 - Connection closed successfully...
user: null
@Test --&gt; is email on DB: null
2018-02-22 10:54:07 DEBUG TransactionImpl:55 - begin
2018-02-22 10:54:07 DEBUG SQL:92 - delete from users
2018-02-22 10:54:07 DEBUG TransactionImpl:66 - committing
2018-02-22 10:54:07 DEBUG LogicalConnectionManagedImpl:161 - Initiating JDBC connection release from afterTransaction
2018-02-22 10:54:07 DEBUG LogicalConnectionManagedImpl:161 - Initiating JDBC connection release from afterTransaction
Database cleaned.... deleted rows number: 1
</system-out>
  </testcase>
  <testcase classname="org.db.UserDBManagerTest" name="test1" time="0.119"/>
  <testcase classname="org.db.UserDBManagerTest" name="test2" time="0.219">
    <failure type="java.lang.AssertionError">java.lang.AssertionError
	at org.junit.Assert.fail(Assert.java:86)
	at org.junit.Assert.assertTrue(Assert.java:41)
	at org.junit.Assert.assertTrue(Assert.java:52)
	at org.db.UserDBManagerTest.test2(UserDBManagerTest.java:40)
	at sun.reflect.NativeMethodAccessorImpl.invoke0(Native Method)
	at sun.reflect.NativeMethodAccessorImpl.invoke(NativeMethodAccessorImpl.java:62)
	at sun.reflect.DelegatingMethodAccessorImpl.invoke(DelegatingMethodAccessorImpl.java:43)
	at java.lang.reflect.Method.invoke(Method.java:498)
	at org.junit.runners.model.FrameworkMethod$1.runReflectiveCall(FrameworkMethod.java:50)
	at org.junit.internal.runners.model.ReflectiveCallable.run(ReflectiveCallable.java:12)
	at org.junit.runners.model.FrameworkMethod.invokeExplosively(FrameworkMethod.java:47)
	at org.junit.internal.runners.statements.InvokeMethod.evaluate(InvokeMethod.java:17)
	at org.junit.internal.runners.statements.RunBefores.evaluate(RunBefores.java:26)
	at org.junit.internal.runners.statements.RunAfters.evaluate(RunAfters.java:27)
	at org.junit.runners.ParentRunner.runLeaf(ParentRunner.java:325)
	at org.junit.runners.BlockJUnit4ClassRunner.runChild(BlockJUnit4ClassRunner.java:78)
	at org.junit.runners.BlockJUnit4ClassRunner.runChild(BlockJUnit4ClassRunner.java:57)
	at org.junit.runners.ParentRunner$3.run(ParentRunner.java:290)
	at org.junit.runners.ParentRunner$1.schedule(ParentRunner.java:71)
	at org.junit.runners.ParentRunner.runChildren(ParentRunner.java:288)
	at org.junit.runners.ParentRunner.access$000(ParentRunner.java:58)
	at org.junit.runners.ParentRunner$2.evaluate(ParentRunner.java:268)
	at org.junit.runners.ParentRunner.run(ParentRunner.java:363)
	at org.apache.maven.surefire.junit4.JUnit4Provider.execute(JUnit4Provider.java:252)
	at org.apache.maven.surefire.junit4.JUnit4Provider.executeTestSet(JUnit4Provider.java:141)
	at org.apache.maven.surefire.junit4.JUnit4Provider.invoke(JUnit4Provider.java:112)
	at sun.reflect.NativeMethodAccessorImpl.invoke0(Native Method)
	at sun.reflect.NativeMethodAccessorImpl.invoke(NativeMethodAccessorImpl.java:62)
	at sun.reflect.DelegatingMethodAccessorImpl.invoke(DelegatingMethodAccessorImpl.java:43)
	at java.lang.reflect.Method.invoke(Method.java:498)
	at org.apache.maven.surefire.util.ReflectionUtils.invokeMethodWithArray(ReflectionUtils.java:189)
	at org.apache.maven.surefire.booter.ProviderFactory$ProviderProxy.invoke(ProviderFactory.java:165)
	at org.apache.maven.surefire.booter.ProviderFactory.invokeProvider(ProviderFactory.java:85)
	at org.apache.maven.surefire.booter.ForkedBooter.runSuitesInProcess(ForkedBooter.java:115)
	at org.apache.maven.surefire.booter.ForkedBooter.main(ForkedBooter.java:75)
</failure>
    <system-out>2018-02-22 10:54:07 DEBUG TransactionImpl:55 - begin
2018-02-22 10:54:07 DEBUG AbstractSaveEventListener:118 - Generated identifier: 0, using strategy: org.hibernate.id.Assigned
2018-02-22 10:54:07 DEBUG TransactionImpl:66 - committing
2018-02-22 10:54:07 DEBUG AbstractFlushingEventListener:132 - Processing flush-time cascades
2018-02-22 10:54:07 DEBUG AbstractFlushingEventListener:174 - Dirty checking collections
2018-02-22 10:54:07 DEBUG AbstractFlushingEventListener:106 - Flushed: 1 insertions, 0 updates, 0 deletions to 1 objects
2018-02-22 10:54:07 DEBUG AbstractFlushingEventListener:113 - Flushed: 0 (re)creations, 0 updates, 0 removals to 0 collections
2018-02-22 10:54:07 DEBUG EntityPrinter:102 - Listing entities:
2018-02-22 10:54:07 DEBUG EntityPrinter:109 - org.entities.User{firstname=daniele, password=password1234, role=10, imgpath=null, regdate=Thu Feb 22 10:54:07 CET 2018, dateOfBirth=Thu Feb 22 10:54:07 CET 2018, id=0, email=prova1@prova.it, lastname=sprizzi}
2018-02-22 10:54:07 DEBUG SQL:92 - insert into users (dateOfBirth, email, firstname, imgpath, lastname, password, regdate, role, id) values (?, ?, ?, ?, ?, ?, ?, ?, ?)
2018-02-22 10:54:07 DEBUG LogicalConnectionManagedImpl:161 - Initiating JDBC connection release from afterTransaction
2018-02-22 10:54:07 DEBUG LogicalConnectionManagedImpl:161 - Initiating JDBC connection release from afterTransaction
2018-02-22 10:54:07 DEBUG JdbcCoordinatorImpl:183 - HHH000420: Closing un-released batch
@Before --&gt; inserted user: org.entities.User@7f811d00
#########
TEST SELECT BY EMAIL
#########
email: prova1@prova.it
2018-02-22 10:54:07 INFO  UserDBManager:42 - Connection opened successfully...
res.getRow(); + 0
2018-02-22 10:54:07 INFO  UserDBManager:48 - Connection closed successfully...
user: null
@Test --&gt; user by email: null
2018-02-22 10:54:07 DEBUG TransactionImpl:55 - begin
2018-02-22 10:54:07 DEBUG SQL:92 - delete from users
2018-02-22 10:54:07 DEBUG TransactionImpl:66 - committing
2018-02-22 10:54:07 DEBUG LogicalConnectionManagedImpl:161 - Initiating JDBC connection release from afterTransaction
2018-02-22 10:54:07 DEBUG LogicalConnectionManagedImpl:161 - Initiating JDBC connection release from afterTransaction
Database cleaned.... deleted rows number: 1
</system-out>
  </testcase>
  <testcase classname="org.db.UserDBManagerTest" name="test4_updatePasswordByEmail" time="0.25"/>
  <testcase classname="org.db.UserDBManagerTest" name="test3_isEmailOnDB_false" time="0.203"/>
</testsuite>